0 verbose cli /usr/local/bin/node /usr/local/bin/npm
1 info using npm@11.6.2
2 info using node@v25.2.1
3 silly config load:file:/usr/local/lib/node_modules/npm/npmrc
4 silly config load:file:/Users/haldwani/Documents/Working/party_dial/ClientMobile/.npmrc
5 silly config load:file:/Users/haldwani/.npmrc
6 silly config load:file:/usr/local/etc/npmrc
7 verbose title npm install babel-preset-expo
8 verbose argv "install" "--save-dev" "babel-preset-expo" "--cache" "../npm-cache" "--force"
9 verbose logfile logs-max:10 dir:/Users/haldwani/Documents/Working/party_dial/npm-cache/_logs/2026-04-23T11_17_25_695Z-
10 verbose logfile /Users/haldwani/Documents/Working/party_dial/npm-cache/_logs/2026-04-23T11_17_25_695Z-debug-0.log
11 warn using --force Recommended protections disabled.
12 silly logfile done cleaning log files
13 silly packumentCache heap:4496293888 maxSize:1124073472 maxEntrySize:562036736
14 silly idealTree buildDeps
15 silly fetch manifest babel-preset-expo@*
16 silly packumentCache full:https://registry.npmjs.org/babel-preset-expo cache-miss
17 http cache https://registry.npmjs.org/babel-preset-expo 150ms (cache hit)
18 silly packumentCache full:https://registry.npmjs.org/babel-preset-expo set size:1091706 disposed:false
19 silly fetch manifest @babel/runtime@^7.20.0
20 silly packumentCache full:https://registry.npmjs.org/@babel%2fruntime cache-miss
21 http cache https://registry.npmjs.org/@babel%2fruntime 11ms (cache hit)
22 silly packumentCache full:https://registry.npmjs.org/@babel%2fruntime set size:3372292 disposed:false
23 silly fetch manifest expo@~54.0.33
24 silly packumentCache full:https://registry.npmjs.org/expo cache-miss
25 http cache https://registry.npmjs.org/expo 12ms (cache hit)
26 silly packumentCache full:https://registry.npmjs.org/expo set size:3647454 disposed:false
27 silly fetch manifest @expo/dom-webview@*
28 silly packumentCache full:https://registry.npmjs.org/@expo%2fdom-webview cache-miss
29 http cache https://registry.npmjs.org/@expo%2fdom-webview 3ms (cache hit)
30 silly packumentCache full:https://registry.npmjs.org/@expo%2fdom-webview set size:359215 disposed:false
31 silly fetch manifest react@19.1.0
32 silly packumentCache full:https://registry.npmjs.org/react cache-miss
33 http cache https://registry.npmjs.org/react 15ms (cache hit)
34 silly packumentCache full:https://registry.npmjs.org/react set size:6621771 disposed:false
35 silly fetch manifest react-native@0.81.5
36 silly packumentCache full:https://registry.npmjs.org/react-native cache-miss
37 http cache https://registry.npmjs.org/react-native 38ms (cache hit)
38 silly packumentCache full:https://registry.npmjs.org/react-native set size:15159227 disposed:false
39 silly fetch manifest @types/react@~19.1.0
40 silly packumentCache full:https://registry.npmjs.org/@types%2freact cache-miss
41 http cache https://registry.npmjs.org/@types%2freact 7ms (cache hit)
42 silly packumentCache full:https://registry.npmjs.org/@types%2freact set size:2588964 disposed:false
43 silly fetch manifest @expo/metro-runtime@*
44 silly packumentCache full:https://registry.npmjs.org/@expo%2fmetro-runtime cache-miss
45 http cache https://registry.npmjs.org/@expo%2fmetro-runtime 4ms (cache hit)
46 silly packumentCache full:https://registry.npmjs.org/@expo%2fmetro-runtime set size:628973 disposed:false
47 silly fetch manifest react-dom@*
48 silly packumentCache full:https://registry.npmjs.org/react-dom cache-miss
49 http cache https://registry.npmjs.org/react-dom 24ms (cache hit)
50 silly packumentCache full:https://registry.npmjs.org/react-dom set size:8819255 disposed:false
51 silly fetch manifest react@^19.2.5
52 silly packumentCache full:https://registry.npmjs.org/react cache-miss
53 http cache https://registry.npmjs.org/react 25ms (cache hit)
54 silly packumentCache full:https://registry.npmjs.org/react set size:6621771 disposed:false
55 silly fetch manifest react-native-webview@^13.16.1
56 silly packumentCache full:https://registry.npmjs.org/react-native-webview cache-miss
57 http cache https://registry.npmjs.org/react-native-webview 6ms (cache hit)
58 silly packumentCache full:https://registry.npmjs.org/react-native-webview set size:1355349 disposed:false
59 silly fetch manifest expo-widgets@^55.0.14
60 silly packumentCache full:https://registry.npmjs.org/expo-widgets cache-miss
61 http cache https://registry.npmjs.org/expo-widgets 3ms (cache hit)
62 silly packumentCache full:https://registry.npmjs.org/expo-widgets set size:116573 disposed:false
63 silly fetch manifest react-refresh@>=0.14.0 <1.0.0
64 silly packumentCache full:https://registry.npmjs.org/react-refresh cache-miss
65 http cache https://registry.npmjs.org/react-refresh 13ms (cache hit)
66 silly packumentCache full:https://registry.npmjs.org/react-refresh set size:6307783 disposed:false
67 silly placeDep ROOT babel-preset-expo@55.0.18 OK for: clientmobile@1.0.0 want: *
68 silly fetch manifest @react-native/babel-preset@0.83.6
69 silly packumentCache full:https://registry.npmjs.org/@react-native%2fbabel-preset cache-miss
70 silly fetch manifest babel-plugin-syntax-hermes-parser@^0.32.0
71 silly packumentCache full:https://registry.npmjs.org/babel-plugin-syntax-hermes-parser cache-miss
72 http cache https://registry.npmjs.org/babel-plugin-syntax-hermes-parser 3ms (cache hit)
73 silly packumentCache full:https://registry.npmjs.org/babel-plugin-syntax-hermes-parser set size:100651 disposed:false
74 http cache https://registry.npmjs.org/@react-native%2fbabel-preset 12ms (cache hit)
75 silly packumentCache full:https://registry.npmjs.org/@react-native%2fbabel-preset set size:4098043 disposed:false
76 silly placeDep node_modules/babel-preset-expo @react-native/babel-preset@0.83.6 OK for: babel-preset-expo@55.0.18 want: 0.83.6
77 silly placeDep node_modules/babel-preset-expo babel-plugin-syntax-hermes-parser@0.32.1 OK for: babel-preset-expo@55.0.18 want: ^0.32.0
78 silly fetch manifest babel-plugin-syntax-hermes-parser@0.32.0
79 silly packumentCache full:https://registry.npmjs.org/babel-plugin-syntax-hermes-parser cache-hit
80 silly fetch manifest @react-native/babel-plugin-codegen@0.83.6
81 silly packumentCache full:https://registry.npmjs.org/@react-native%2fbabel-plugin-codegen cache-miss
82 silly fetch manifest hermes-parser@0.32.1
83 silly packumentCache full:https://registry.npmjs.org/hermes-parser cache-miss
84 http cache https://registry.npmjs.org/@react-native%2fbabel-plugin-codegen 6ms (cache hit)
85 silly packumentCache full:https://registry.npmjs.org/@react-native%2fbabel-plugin-codegen set size:2105235 disposed:false
86 http cache https://registry.npmjs.org/hermes-parser 17ms (cache hit)
87 silly packumentCache full:https://registry.npmjs.org/hermes-parser set size:165055 disposed:false
88 warn ERESOLVE overriding peer dependency {
88 warn ERESOLVE   code: 'ERESOLVE',
88 warn ERESOLVE   edge: {
88 warn ERESOLVE     type: 'peer',
88 warn ERESOLVE     name: 'react',
88 warn ERESOLVE     spec: '^19.2.5',
88 warn ERESOLVE     error: 'INVALID',
88 warn ERESOLVE     from: {
88 warn ERESOLVE       name: 'react-dom',
88 warn ERESOLVE       version: '19.2.5',
88 warn ERESOLVE       location: 'node_modules/react-dom',
88 warn ERESOLVE       isWorkspace: false,
88 warn ERESOLVE       dependents: [Array]
88 warn ERESOLVE     }
88 warn ERESOLVE   },
88 warn ERESOLVE   dep: {
88 warn ERESOLVE     name: 'react',
88 warn ERESOLVE     version: '19.2.5',
88 warn ERESOLVE     whileInstalling: {
88 warn ERESOLVE       name: 'react-dom',
88 warn ERESOLVE       version: '19.2.5',
88 warn ERESOLVE       path: '/Users/haldwani/Documents/Working/party_dial/ClientMobile/node_modules/react-dom'
88 warn ERESOLVE     },
88 warn ERESOLVE     location: 'node_modules/react',
88 warn ERESOLVE     isWorkspace: false,
88 warn ERESOLVE     dependents: [ [Object] ]
88 warn ERESOLVE   },
88 warn ERESOLVE   force: true,
88 warn ERESOLVE   isMine: true,
88 warn ERESOLVE   strictPeerDeps: false,
88 warn ERESOLVE   current: {
88 warn ERESOLVE     name: 'react',
88 warn ERESOLVE     version: '19.1.0',
88 warn ERESOLVE     location: 'node_modules/react',
88 warn ERESOLVE     isWorkspace: false,
88 warn ERESOLVE     dependents: [
88 warn ERESOLVE       [Object], [Object], [Object], [Object], [Object],
88 warn ERESOLVE       [Object], [Object], [Object], [Object], [Object],
88 warn ERESOLVE       [Object], [Object], [Object], [Object], [Object],
88 warn ERESOLVE       [Object], [Object], [Object], [Object], [Object],
88 warn ERESOLVE       [Object], [Object], [Object], [Object], [Object],
88 warn ERESOLVE       [Object], [Object], [Object], [Object], [Object],
88 warn ERESOLVE       [Object], [Object], [Object], [Object], [Object],
88 warn ERESOLVE       [Object], [Object], [Object], [Object], [Object],
88 warn ERESOLVE       [Object], [Object], [Object], [Object], [Object],
88 warn ERESOLVE       [Object], [Object], [Object], [Object], [Object],
88 warn ERESOLVE       [Object], [Object], [Object], [Object], [Object],
88 warn ERESOLVE       [Object], [Object], [Object], [Object], [Object],
88 warn ERESOLVE       [Object], [Object], [Object], [Object], [Object],
88 warn ERESOLVE       [Object], [Object], [Object]
88 warn ERESOLVE     ]
88 warn ERESOLVE   },
88 warn ERESOLVE   peerConflict: {
88 warn ERESOLVE     current: {
88 warn ERESOLVE       name: 'react',
88 warn ERESOLVE       version: '19.1.0',
88 warn ERESOLVE       location: 'node_modules/react',
88 warn ERESOLVE       isWorkspace: false,
88 warn ERESOLVE       dependents: [Array]
88 warn ERESOLVE     },
88 warn ERESOLVE     peer: {
88 warn ERESOLVE       name: 'react',
88 warn ERESOLVE       version: '19.2.5',
88 warn ERESOLVE       whileInstalling: [Object],
88 warn ERESOLVE       location: 'node_modules/react',
88 warn ERESOLVE       isWorkspace: false,
88 warn ERESOLVE       dependents: [Array]
88 warn ERESOLVE     }
88 warn ERESOLVE   }
88 warn ERESOLVE }
89 silly placeDep node_modules/babel-preset-expo @react-native/babel-plugin-codegen@0.83.6 OK for: @react-native/babel-preset@0.83.6 want: 0.83.6
90 silly placeDep node_modules/babel-preset-expo/node_modules/@react-native/babel-preset babel-plugin-syntax-hermes-parser@0.32.0 OK for: @react-native/babel-preset@0.83.6 want: 0.32.0
91 silly fetch manifest @react-native/codegen@0.83.6
92 silly packumentCache full:https://registry.npmjs.org/@react-native%2fcodegen cache-miss
93 http fetch GET 200 https://registry.npmjs.org/@react-native%2fcodegen 143ms (cache revalidated)
94 silly packumentCache full:https://registry.npmjs.org/@react-native%2fcodegen set size:2770329 disposed:false
95 silly placeDep node_modules/babel-preset-expo @react-native/codegen@0.83.6 OK for: @react-native/babel-plugin-codegen@0.83.6 want: 0.83.6
96 silly fetch manifest glob@^7.1.1
97 silly packumentCache full:https://registry.npmjs.org/glob cache-miss
98 http fetch GET 200 https://registry.npmjs.org/glob 36ms (cache revalidated)
99 silly packumentCache full:https://registry.npmjs.org/glob set size:469465 disposed:false
100 silly placeDep node_modules/babel-preset-expo glob@7.2.3 OK for: @react-native/codegen@0.83.6 want: ^7.1.1
101 silly fetch manifest minimatch@^3.1.1
102 silly packumentCache full:https://registry.npmjs.org/minimatch cache-miss
103 http fetch GET 200 https://registry.npmjs.org/minimatch 31ms (cache revalidated)
104 silly packumentCache full:https://registry.npmjs.org/minimatch set size:375282 disposed:false
105 silly placeDep node_modules/babel-preset-expo/node_modules/babel-plugin-syntax-hermes-parser hermes-parser@0.32.1 OK for: babel-plugin-syntax-hermes-parser@0.32.1 want: 0.32.1
106 silly fetch manifest hermes-estree@0.32.1
107 silly packumentCache full:https://registry.npmjs.org/hermes-estree cache-miss
108 http fetch GET 200 https://registry.npmjs.org/hermes-estree 37ms (cache revalidated)
109 silly packumentCache full:https://registry.npmjs.org/hermes-estree set size:125711 disposed:false
110 silly placeDep node_modules/babel-preset-expo minimatch@3.1.5 OK for: glob@7.2.3 want: ^3.1.1
111 silly fetch manifest brace-expansion@^1.1.7
112 silly packumentCache full:https://registry.npmjs.org/brace-expansion cache-miss
113 http fetch GET 200 https://registry.npmjs.org/brace-expansion 34ms (cache revalidated)
114 silly packumentCache full:https://registry.npmjs.org/brace-expansion set size:65768 disposed:false
115 silly placeDep node_modules/babel-preset-expo brace-expansion@1.1.14 OK for: minimatch@3.1.5 want: ^1.1.7
116 silly placeDep node_modules/babel-preset-expo hermes-estree@0.32.1 OK for: hermes-parser@0.32.1 want: 0.32.1
117 silly reify moves {}
118 silly audit bulk request {
118 silly audit   '@0no-co/graphql.web': [ '1.2.0' ],
118 silly audit   '@babel/code-frame': [ '7.10.4', '7.29.0' ],
118 silly audit   '@babel/compat-data': [ '7.29.0' ],
118 silly audit   '@babel/core': [ '7.29.0' ],
118 silly audit   semver: [ '6.3.1', '7.6.3', '7.7.4' ],
118 silly audit   '@babel/generator': [ '7.29.1' ],
118 silly audit   '@babel/helper-annotate-as-pure': [ '7.27.3' ],
118 silly audit   '@babel/helper-compilation-targets': [ '7.28.6' ],
118 silly audit   '@babel/helper-create-class-features-plugin': [ '7.28.6' ],
118 silly audit   '@babel/helper-create-regexp-features-plugin': [ '7.28.5' ],
118 silly audit   '@babel/helper-define-polyfill-provider': [ '0.6.8' ],
118 silly audit   '@babel/helper-globals': [ '7.28.0' ],
118 silly audit   '@babel/helper-member-expression-to-functions': [ '7.28.5' ],
118 silly audit   '@babel/helper-module-imports': [ '7.28.6' ],
118 silly audit   '@babel/helper-module-transforms': [ '7.28.6' ],
118 silly audit   '@babel/helper-optimise-call-expression': [ '7.27.1' ],
118 silly audit   '@babel/helper-plugin-utils': [ '7.28.6' ],
118 silly audit   '@babel/helper-remap-async-to-generator': [ '7.27.1' ],
118 silly audit   '@babel/helper-replace-supers': [ '7.28.6' ],
118 silly audit   '@babel/helper-skip-transparent-expression-wrappers': [ '7.27.1' ],
118 silly audit   '@babel/helper-string-parser': [ '7.27.1' ],
118 silly audit   '@babel/helper-validator-identifier': [ '7.28.5' ],
118 silly audit   '@babel/helper-validator-option': [ '7.27.1' ],
118 silly audit   '@babel/helper-wrap-function': [ '7.28.6' ],
118 silly audit   '@babel/helpers': [ '7.29.2' ],
118 silly audit   '@babel/highlight': [ '7.25.9' ],
118 silly audit   '@babel/parser': [ '7.29.2' ],
118 silly audit   '@babel/plugin-proposal-decorators': [ '7.29.0' ],
118 silly audit   '@babel/plugin-proposal-export-default-from': [ '7.27.1' ],
118 silly audit   '@babel/plugin-syntax-async-generators': [ '7.8.4' ],
118 silly audit   '@babel/plugin-syntax-bigint': [ '7.8.3' ],
118 silly audit   '@babel/plugin-syntax-class-properties': [ '7.12.13' ],
118 silly audit   '@babel/plugin-syntax-class-static-block': [ '7.14.5' ],
118 silly audit   '@babel/plugin-syntax-decorators': [ '7.28.6' ],
118 silly audit   '@babel/plugin-syntax-dynamic-import': [ '7.8.3' ],
118 silly audit   '@babel/plugin-syntax-export-default-from': [ '7.28.6' ],
118 silly audit   '@babel/plugin-syntax-flow': [ '7.28.6' ],
118 silly audit   '@babel/plugin-syntax-import-attributes': [ '7.28.6' ],
118 silly audit   '@babel/plugin-syntax-import-meta': [ '7.10.4' ],
118 silly audit   '@babel/plugin-syntax-json-strings': [ '7.8.3' ],
118 silly audit   '@babel/plugin-syntax-jsx': [ '7.28.6' ],
118 silly audit   '@babel/plugin-syntax-logical-assignment-operators': [ '7.10.4' ],
118 silly audit   '@babel/plugin-syntax-nullish-coalescing-operator': [ '7.8.3' ],
118 silly audit   '@babel/plugin-syntax-numeric-separator': [ '7.10.4' ],
118 silly audit   '@babel/plugin-syntax-object-rest-spread': [ '7.8.3' ],
118 silly audit   '@babel/plugin-syntax-optional-catch-binding': [ '7.8.3' ],
118 silly audit   '@babel/plugin-syntax-optional-chaining': [ '7.8.3' ],
118 silly audit   '@babel/plugin-syntax-private-property-in-object': [ '7.14.5' ],
118 silly audit   '@babel/plugin-syntax-top-level-await': [ '7.14.5' ],
118 silly audit   '@babel/plugin-syntax-typescript': [ '7.28.6' ],
118 silly audit   '@babel/plugin-transform-arrow-functions': [ '7.27.1' ],
118 silly audit   '@babel/plugin-transform-async-generator-functions': [ '7.29.0' ],
118 silly audit   '@babel/plugin-transform-async-to-generator': [ '7.28.6' ],
118 silly audit   '@babel/plugin-transform-block-scoping': [ '7.28.6' ],
118 silly audit   '@babel/plugin-transform-class-properties': [ '7.28.6' ],
118 silly audit   '@babel/plugin-transform-class-static-block': [ '7.28.6' ],
118 silly audit   '@babel/plugin-transform-classes': [ '7.28.6' ],
118 silly audit   '@babel/plugin-transform-computed-properties': [ '7.28.6' ],
118 silly audit   '@babel/plugin-transform-destructuring': [ '7.28.5' ],
118 silly audit   '@babel/plugin-transform-export-namespace-from': [ '7.27.1' ],
118 silly audit   '@babel/plugin-transform-flow-strip-types': [ '7.27.1' ],
118 silly audit   '@babel/plugin-transform-for-of': [ '7.27.1' ],
118 silly audit   '@babel/plugin-transform-function-name': [ '7.27.1' ],
118 silly audit   '@babel/plugin-transform-literals': [ '7.27.1' ],
118 silly audit   '@babel/plugin-transform-logical-assignment-operators': [ '7.28.6' ],
118 silly audit   '@babel/plugin-transform-modules-commonjs': [ '7.28.6' ],
118 silly audit   '@babel/plugin-transform-named-capturing-groups-regex': [ '7.29.0' ],
118 silly audit   '@babel/plugin-transform-nullish-coalescing-operator': [ '7.28.6' ],
118 silly audit   '@babel/plugin-transform-numeric-separator': [ '7.28.6' ],
118 silly audit   '@babel/plugin-transform-object-rest-spread': [ '7.28.6' ],
118 silly audit   '@babel/plugin-transform-optional-catch-binding': [ '7.28.6' ],
118 silly audit   '@babel/plugin-transform-optional-chaining': [ '7.28.6' ],
118 silly audit   '@babel/plugin-transform-parameters': [ '7.27.7' ],
118 silly audit   '@babel/plugin-transform-private-methods': [ '7.28.6' ],
118 silly audit   '@babel/plugin-transform-private-property-in-object': [ '7.28.6' ],
118 silly audit   '@babel/plugin-transform-react-display-name': [ '7.28.0' ],
118 silly audit   '@babel/plugin-transform-react-jsx': [ '7.28.6' ],
118 silly audit   '@babel/plugin-transform-react-jsx-development': [ '7.27.1' ],
118 silly audit   '@babel/plugin-transform-react-jsx-self': [ '7.27.1' ],
118 silly audit   '@babel/plugin-transform-react-jsx-source': [ '7.27.1' ],
118 silly audit   '@babel/plugin-transform-react-pure-annotations': [ '7.27.1' ],
118 silly audit   '@babel/plugin-transform-regenerator': [ '7.29.0' ],
118 silly audit   '@babel/plugin-transform-runtime': [ '7.29.0' ],
118 silly audit   '@babel/plugin-transform-shorthand-properties': [ '7.27.1' ],
118 silly audit   '@babel/plugin-transform-spread': [ '7.28.6' ],
118 silly audit   '@babel/plugin-transform-sticky-regex': [ '7.27.1' ],
118 silly audit   '@babel/plugin-transform-template-literals': [ '7.27.1' ],
118 silly audit   '@babel/plugin-transform-typescript': [ '7.28.6' ],
118 silly audit   '@babel/plugin-transform-unicode-regex': [ '7.27.1' ],
118 silly audit   '@babel/preset-react': [ '7.28.5' ],
118 silly audit   '@babel/preset-typescript': [ '7.28.5' ],
118 silly audit   '@babel/runtime': [ '7.29.2' ],
118 silly audit   '@babel/template': [ '7.28.6' ],
118 silly audit   '@babel/traverse': [ '7.29.0' ],
118 silly audit   '@babel/types': [ '7.29.0' ],
118 silly audit   '@egjs/hammerjs': [ '2.0.17' ],
118 silly audit   '@expo-google-fonts/material-symbols': [ '0.4.33' ],
118 silly audit   '@expo/code-signing-certificates': [ '0.0.6' ],
118 silly audit   '@expo/config': [ '12.0.13' ],
118 silly audit   '@expo/config-plugins': [ '54.0.4' ],
118 silly audit   'ansi-styles': [ '4.3.0', '3.2.1', '5.2.0' ],
118 silly audit   chalk: [ '4.1.2', '2.4.2' ],
118 silly audit   'color-convert': [ '2.0.1', '1.9.3' ],
118 silly audit   'color-name': [ '1.1.4', '1.1.3' ],
118 silly audit   'has-flag': [ '4.0.0', '3.0.0' ],
118 silly audit   'supports-color': [ '7.2.0', '8.1.1', '5.5.0' ],
118 silly audit   '@expo/config-types': [ '54.0.10' ],
118 silly audit   '@expo/devcert': [ '1.2.1' ],
118 silly audit   debug: [ '3.2.7', '2.6.9', '4.4.3' ],
118 silly audit   '@expo/devtools': [ '0.1.8' ],
118 silly audit   '@expo/dom-webview': [ '55.0.5' ],
118 silly audit   '@expo/env': [ '2.1.1', '2.0.11' ],
118 silly audit   '@expo/fingerprint': [ '0.15.4' ],
118 silly audit   '@expo/image-utils': [ '0.8.13' ],
118 silly audit   '@expo/json-file': [ '10.0.13' ],
118 silly audit   '@expo/log-box': [ '55.0.11' ],
118 silly audit   '@expo/metro': [ '54.2.0' ],
118 silly audit   '@expo/osascript': [ '2.4.2' ],
118 silly audit   '@expo/package-manager': [ '1.10.4' ],
118 silly audit   '@expo/plist': [ '0.4.8' ],
118 silly audit   '@expo/prebuild-config': [ '54.0.8' ],
118 silly audit   '@expo/require-utils': [ '55.0.4' ],
118 silly audit   '@expo/schema-utils': [ '55.0.3', '0.1.8' ],
118 silly audit   '@expo/sdk-runtime-versions': [ '1.0.0' ],
118 silly audit   '@expo/spawn-async': [ '1.7.2' ],
118 silly audit   '@expo/sudo-prompt': [ '9.3.2' ],
118 silly audit   '@expo/ws-tunnel': [ '1.0.6' ],
118 silly audit   '@expo/xcpretty': [ '4.4.3' ],
118 silly audit   argparse: [ '2.0.1', '1.0.10' ],
118 silly audit   'js-yaml': [ '4.1.1', '3.14.2' ],
118 silly audit   '@isaacs/fs-minipass': [ '4.0.1' ],
118 silly audit   '@isaacs/ttlcache': [ '1.4.1' ],
118 silly audit   '@istanbuljs/load-nyc-config': [ '1.1.0' ],
118 silly audit   camelcase: [ '5.3.1', '6.3.0' ],
118 silly audit   '@istanbuljs/schema': [ '0.1.6' ],
118 silly audit   '@jest/create-cache-key-function': [ '29.7.0' ],
118 silly audit   '@jest/environment': [ '29.7.0' ],
118 silly audit   '@jest/fake-timers': [ '29.7.0' ],
118 silly audit   '@jest/schemas': [ '29.6.3' ],
118 silly audit   '@jest/transform': [ '29.7.0' ],
118 silly audit   '@jest/types': [ '29.6.3' ],
118 silly audit   '@jridgewell/gen-mapping': [ '0.3.13' ],
118 silly audit   '@jridgewell/remapping': [ '2.3.5' ],
118 silly audit   '@jridgewell/resolve-uri': [ '3.1.2' ],
118 silly audit   '@jridgewell/source-map': [ '0.3.11' ],
118 silly audit   '@jridgewell/sourcemap-codec': [ '1.5.5' ],
118 silly audit   '@jridgewell/trace-mapping': [ '0.3.31' ],
118 silly audit   '@radix-ui/primitive': [ '1.1.3' ],
118 silly audit   '@radix-ui/react-compose-refs': [ '1.1.2' ],
118 silly audit   '@radix-ui/react-context': [ '1.1.2' ],
118 silly audit   '@radix-ui/react-direction': [ '1.1.1' ],
118 silly audit   '@radix-ui/react-focus-guards': [ '1.1.3' ],
118 silly audit   '@radix-ui/react-id': [ '1.1.1' ],
118 silly audit   '@radix-ui/react-use-callback-ref': [ '1.1.1' ],
118 silly audit   '@radix-ui/react-use-controllable-state': [ '1.2.2' ],
118 silly audit   '@radix-ui/react-use-effect-event': [ '0.0.2' ],
118 silly audit   '@radix-ui/react-use-escape-keydown': [ '1.1.1' ],
118 silly audit   '@radix-ui/react-use-layout-effect': [ '1.1.1' ],
118 silly audit   '@react-native/assets-registry': [ '0.81.5' ],
118 silly audit   '@react-native/babel-plugin-codegen': [ '0.81.5', '0.85.2', '0.83.6' ],
118 silly audit   '@react-native/babel-preset': [ '0.81.5', '0.85.2', '0.83.6' ],
118 silly audit   '@react-native/codegen': [ '0.81.5', '0.85.2', '0.83.6' ],
118 silly audit   'brace-expansion': [ '1.1.14', '2.1.0', '5.0.5' ],
118 silly audit   glob: [ '7.2.3', '13.0.6' ],
118 silly audit   'hermes-estree': [ '0.29.1', '0.33.3', '0.35.0', '0.32.0', '0.32.1' ],
118 silly audit   'hermes-parser': [ '0.29.1', '0.33.3', '0.35.0', '0.32.0', '0.32.1' ],
118 silly audit   minimatch: [ '3.1.5', '10.2.5', '9.0.9' ],
118 silly audit   '@react-native/community-cli-plugin': [ '0.81.5' ],
118 silly audit   '@react-native/debugger-frontend': [ '0.81.5' ],
118 silly audit   '@react-native/dev-middleware': [ '0.81.5' ],
118 silly audit   ws: [ '6.2.3', '8.20.0', '7.5.10' ],
118 silly audit   '@react-native/gradle-plugin': [ '0.81.5' ],
118 silly audit   '@react-native/js-polyfills': [ '0.81.5', '0.85.2' ],
118 silly audit   '@react-native/metro-babel-transformer': [ '0.85.2' ],
118 silly audit   'babel-plugin-syntax-hermes-parser': [ '0.33.3', '0.29.1', '0.32.1', '0.32.0' ],
118 silly audit   '@react-native/metro-config': [ '0.85.2' ],
118 silly audit   accepts: [ '2.0.0', '1.3.8' ],
118 silly audit   metro: [ '0.84.3', '0.83.3' ],
118 silly audit   'metro-babel-transformer': [ '0.84.3', '0.83.3' ],
118 silly audit   'metro-cache': [ '0.84.3', '0.83.3' ],
118 silly audit   'metro-cache-key': [ '0.84.3', '0.83.3' ],
118 silly audit   'metro-config': [ '0.84.3', '0.83.3' ],
118 silly audit   'metro-core': [ '0.84.3', '0.83.3' ],
118 silly audit   'metro-file-map': [ '0.84.3', '0.83.3' ],
118 silly audit   'metro-minify-terser': [ '0.84.3', '0.83.3' ],
118 silly audit   'metro-resolver': [ '0.84.3', '0.83.3' ],
118 silly audit   'metro-runtime': [ '0.84.3', '0.83.3' ],
118 silly audit   'metro-source-map': [ '0.84.3', '0.83.3' ],
118 silly audit   'metro-symbolicate': [ '0.84.3', '0.83.3' ],
118 silly audit   'metro-transform-plugins': [ '0.84.3', '0.83.3' ],
118 silly audit   'metro-transform-worker': [ '0.84.3', '0.83.3' ],
118 silly audit   'mime-db': [ '1.54.0', '1.52.0' ],
118 silly audit   'mime-types': [ '3.0.2', '2.1.35' ],
118 silly audit   negotiator: [ '1.0.0', '0.6.4', '0.6.3' ],
118 silly audit   ob1: [ '0.84.3', '0.83.3' ],
118 silly audit   '@react-native/normalize-colors': [ '0.81.5' ],
118 silly audit   '@react-navigation/bottom-tabs': [ '7.15.9' ],
118 silly audit   '@react-navigation/core': [ '7.17.2' ],
118 silly audit   'escape-string-regexp': [ '4.0.0', '1.0.5', '2.0.0' ],
118 silly audit   '@react-navigation/elements': [ '2.9.14' ],
118 silly audit   '@react-navigation/native': [ '7.2.2' ],
118 silly audit   '@react-navigation/native-stack': [ '7.14.11' ],
118 silly audit   '@react-navigation/routers': [ '7.5.3' ],
118 silly audit   '@react-navigation/stack': [ '7.8.10' ],
118 silly audit   '@sinclair/typebox': [ '0.27.10' ],
118 silly audit   '@sinonjs/commons': [ '3.0.1' ],
118 silly audit   '@sinonjs/fake-timers': [ '10.3.0' ],
118 silly audit   '@types/babel__core': [ '7.20.5' ],
118 silly audit   '@types/babel__generator': [ '7.27.0' ],
118 silly audit   '@types/babel__template': [ '7.4.4' ],
118 silly audit   '@types/babel__traverse': [ '7.28.0' ],
118 silly audit   '@types/graceful-fs': [ '4.1.9' ],
118 silly audit   '@types/hammerjs': [ '2.0.46' ],
118 silly audit   '@types/istanbul-lib-coverage': [ '2.0.6' ],
118 silly audit   '@types/istanbul-lib-report': [ '3.0.3' ],
118 silly audit   '@types/istanbul-reports': [ '3.0.4' ],
118 silly audit   '@types/node': [ '25.6.0' ],
118 silly audit   '@types/react': [ '19.1.17' ],
118 silly audit   '@types/react-test-renderer': [ '19.1.0' ],
118 silly audit   '@types/stack-utils': [ '2.0.3' ],
118 silly audit   '@types/yargs': [ '17.0.35' ],
118 silly audit   '@types/yargs-parser': [ '21.0.3' ],
118 silly audit   '@ungap/structured-clone': [ '1.3.0' ],
118 silly audit   '@urql/core': [ '5.2.0' ],
118 silly audit   '@urql/exchange-retry': [ '1.3.2' ],
118 silly audit   '@xmldom/xmldom': [ '0.8.13' ],
118 silly audit   'abort-controller': [ '3.0.0' ],
118 silly audit   acorn: [ '8.16.0' ],
118 silly audit   'agent-base': [ '7.1.4' ],
118 silly audit   anser: [ '1.4.10' ],
118 silly audit   'ansi-escapes': [ '4.3.2' ],
118 silly audit   'type-fest': [ '0.21.3', '0.7.1' ],
118 silly audit   'ansi-regex': [ '5.0.1', '4.1.1' ],
118 silly audit   'any-promise': [ '1.3.0' ],
118 silly audit   anymatch: [ '3.1.3' ],
118 silly audit   appwrite: [ '24.2.0' ],
118 silly audit   arg: [ '5.0.2' ],
118 silly audit   'aria-hidden': [ '1.2.6' ],
118 silly audit   asap: [ '2.0.6' ],
118 silly audit   'async-limiter': [ '1.0.1' ],
118 silly audit   asynckit: [ '0.4.0' ],
118 silly audit   axios: [ '1.15.2' ],
118 silly audit   'babel-jest': [ '29.7.0' ],
118 silly audit   'babel-plugin-istanbul': [ '6.1.1' ],
118 silly audit   'babel-plugin-jest-hoist': [ '29.6.3' ],
118 silly audit   'babel-plugin-polyfill-corejs2': [ '0.4.17' ],
118 silly audit   'babel-plugin-polyfill-corejs3': [ '0.13.0' ],
118 silly audit   'babel-plugin-polyfill-regenerator': [ '0.6.8' ],
118 silly audit   'babel-plugin-react-compiler': [ '1.0.0' ],
118 silly audit   'babel-plugin-react-native-web': [ '0.21.2' ],
118 silly audit   'babel-plugin-transform-flow-enums': [ '0.0.2' ],
118 silly audit   'babel-preset-current-node-syntax': [ '1.2.0' ],
118 silly audit   'babel-preset-jest': [ '29.6.3' ],
118 silly audit   'balanced-match': [ '1.0.2', '4.0.4' ],
118 silly audit   'base64-js': [ '1.5.1' ],
118 silly audit   'baseline-browser-mapping': [ '2.10.21' ],
118 silly audit   'better-opn': [ '3.0.2' ],
118 silly audit   open: [ '8.4.2', '7.4.2' ],
118 silly audit   'big-integer': [ '1.6.52' ],
118 silly audit   'bignumber.js': [ '9.3.1' ],
118 silly audit   boolbase: [ '1.0.0' ],
118 silly audit   'bplist-creator': [ '0.1.0' ],
118 silly audit   'bplist-parser': [ '0.3.1' ],
118 silly audit   braces: [ '3.0.3' ],
118 silly audit   browserslist: [ '4.28.2' ],
118 silly audit   bser: [ '2.1.1' ],
118 silly audit   buffer: [ '5.7.1' ],
118 silly audit   'buffer-from': [ '1.1.2' ],
118 silly audit   bytes: [ '3.1.2' ],
118 silly audit   'call-bind-apply-helpers': [ '1.0.2' ],
118 silly audit   'caniuse-lite': [ '1.0.30001790' ],
118 silly audit   chownr: [ '3.0.0' ],
118 silly audit   'chrome-launcher': [ '0.15.2' ],
118 silly audit   'chromium-edge-launcher': [ '0.2.0' ],
118 silly audit   'ci-info': [ '2.0.0', '3.9.0' ],
118 silly audit   'cli-cursor': [ '2.1.0' ],
118 silly audit   'cli-spinners': [ '2.9.2' ],
118 silly audit   'client-only': [ '0.0.1' ],
118 silly audit   cliui: [ '8.0.1' ],
118 silly audit   clone: [ '1.0.4' ],
118 silly audit   color: [ '4.2.3' ],
118 silly audit   'color-string': [ '1.9.1' ],
118 silly audit   'combined-stream': [ '1.0.8' ],
118 silly audit   commander: [ '7.2.0', '12.1.0', '4.1.1', '2.20.3' ],
118 silly audit   compressible: [ '2.0.18' ],
118 silly audit   compression: [ '1.8.1' ],
118 silly audit   ms: [ '2.0.0', '2.1.3' ],
118 silly audit   'concat-map': [ '0.0.1' ],
118 silly audit   connect: [ '3.7.0' ],
118 silly audit   'convert-source-map': [ '2.0.0' ],
118 silly audit   'core-js-compat': [ '3.49.0' ],
118 silly audit   'cross-spawn': [ '7.0.6' ],
118 silly audit   'css-select': [ '5.2.2' ],
118 silly audit   'css-tree': [ '1.1.3' ],
118 silly audit   'source-map': [ '0.6.1', '0.5.7' ],
118 silly audit   'css-what': [ '6.2.2' ],
118 silly audit   csstype: [ '3.2.3' ],
118 silly audit   'decode-uri-component': [ '0.2.2' ],
118 silly audit   'deep-extend': [ '0.6.0' ],
118 silly audit   deepmerge: [ '4.3.1' ],
118 silly audit   defaults: [ '1.0.4' ],
118 silly audit   'define-lazy-prop': [ '2.0.0' ],
118 silly audit   'delayed-stream': [ '1.0.0' ],
118 silly audit   depd: [ '2.0.0' ],
118 silly audit   destroy: [ '1.2.0' ],
118 silly audit   'detect-libc': [ '2.1.2' ],
118 silly audit   'detect-node-es': [ '1.1.0' ],
118 silly audit   'dom-serializer': [ '2.0.0' ],
118 silly audit   domelementtype: [ '2.3.0' ],
118 silly audit   domhandler: [ '5.0.3' ],
118 silly audit   domutils: [ '3.2.2' ],
118 silly audit   dotenv: [ '16.4.7' ],
118 silly audit   'dotenv-expand': [ '11.0.7' ],
118 silly audit   'dunder-proto': [ '1.0.1' ],
118 silly audit   'ee-first': [ '1.1.1' ],
118 silly audit   'electron-to-chromium': [ '1.5.344' ],
118 silly audit   'emoji-regex': [ '8.0.0' ],
118 silly audit   encodeurl: [ '1.0.2', '2.0.0' ],
118 silly audit   entities: [ '4.5.0' ],
118 silly audit   'env-editor': [ '0.4.2' ],
118 silly audit   'error-stack-parser': [ '2.1.4' ],
118 silly audit   'es-define-property': [ '1.0.1' ],
118 silly audit   'es-errors': [ '1.3.0' ],
118 silly audit   'es-object-atoms': [ '1.1.1' ],
118 silly audit   'es-set-tostringtag': [ '2.1.0' ],
118 silly audit   escalade: [ '3.2.0' ],
118 silly audit   'escape-html': [ '1.0.3' ],
118 silly audit   esprima: [ '4.0.1' ],
118 silly audit   etag: [ '1.8.1' ],
118 silly audit   'event-target-shim': [ '5.0.1' ],
118 silly audit   expo: [ '54.0.33' ],
118 silly audit   'expo-constants': [ '55.0.15', '18.0.13' ],
118 silly audit   'expo-font': [ '55.0.6', '14.0.11' ],
118 silly audit   'expo-glass-effect': [ '55.0.10' ],
118 silly audit   'expo-image': [ '55.0.9' ],
118 silly audit   'expo-linear-gradient': [ '55.0.13' ],
118 silly audit   'expo-linking': [ '55.0.14' ],
118 silly audit   'expo-modules-autolinking': [ '3.0.24' ],
118 silly audit   'expo-modules-core': [ '3.0.29' ],
118 silly audit   'expo-router': [ '55.0.13' ],
118 silly audit   '@expo/metro-runtime': [ '55.0.10' ],
118 silly audit   '@radix-ui/react-collection': [ '1.1.7' ],
118 silly audit   '@radix-ui/react-presence': [ '1.1.5' ],
118 silly audit   '@radix-ui/react-primitive': [ '2.1.3' ],
118 silly audit   '@radix-ui/react-roving-focus': [ '1.1.11' ],
118 silly audit   '@radix-ui/react-slot': [ '1.2.3' ],
118 silly audit   '@radix-ui/react-tabs': [ '1.1.13' ],
118 silly audit   'expo-server': [ '55.0.8', '1.0.5' ],
118 silly audit   'expo-status-bar': [ '3.0.9' ],
118 silly audit   'expo-symbols': [ '55.0.7' ],
118 silly audit   '@expo/cli': [ '54.0.23' ],
118 silly audit   '@expo/metro-config': [ '54.0.14' ],
118 silly audit   '@expo/vector-icons': [ '15.1.1' ],
118 silly audit   'babel-preset-expo': [ '54.0.10', '55.0.18' ],
118 silly audit   'expo-asset': [ '12.0.12' ],
118 silly audit   'expo-file-system': [ '19.0.21' ],
118 silly audit   'expo-keep-awake': [ '15.0.8' ],
118 silly audit   picomatch: [ '3.0.2', '2.3.2', '4.0.4' ],
118 silly audit   'exponential-backoff': [ '3.1.3' ],
118 silly audit   'fast-deep-equal': [ '3.1.3' ],
118 silly audit   'fast-json-stable-stringify': [ '2.1.0' ],
118 silly audit   'fb-watchman': [ '2.0.2' ],
118 silly audit   'fill-range': [ '7.1.1' ],
118 silly audit   'filter-obj': [ '1.1.0' ],
118 silly audit   finalhandler: [ '1.1.2' ],
118 silly audit   'find-up': [ '4.1.0' ],
118 silly audit   'flow-enums-runtime': [ '0.0.6' ],
118 silly audit   'follow-redirects': [ '1.16.0' ],
118 silly audit   fontfaceobserver: [ '2.3.0' ],
118 silly audit   'form-data': [ '4.0.5' ],
118 silly audit   'freeport-async': [ '2.0.0' ],
118 silly audit   fresh: [ '0.5.2' ],
118 silly audit   'fs.realpath': [ '1.0.0' ],
118 silly audit   fsevents: [ '2.3.3' ],
118 silly audit   'function-bind': [ '1.1.2' ],
118 silly audit   gensync: [ '1.0.0-beta.2' ],
118 silly audit   'get-caller-file': [ '2.0.5' ],
118 silly audit   'get-intrinsic': [ '1.3.0' ],
118 silly audit   'get-nonce': [ '1.0.1' ],
118 silly audit   'get-package-type': [ '0.1.0' ],
118 silly audit   'get-proto': [ '1.0.1' ],
118 silly audit   getenv: [ '2.0.0' ],
118 silly audit   gopd: [ '1.2.0' ],
118 silly audit   'graceful-fs': [ '4.2.11' ],
118 silly audit   'has-symbols': [ '1.1.0' ],
118 silly audit   'has-tostringtag': [ '1.0.2' ],
118 silly audit   hasown: [ '2.0.3' ],
118 silly audit   'hoist-non-react-statics': [ '3.3.2' ],
118 silly audit   'react-is': [ '16.13.1', '18.3.1', '19.2.5' ],
118 silly audit   'hosted-git-info': [ '7.0.2' ],
118 silly audit   'lru-cache': [ '10.4.3', '5.1.1', '11.3.5' ],
118 silly audit   'http-errors': [ '2.0.1' ],
118 silly audit   statuses: [ '2.0.2', '1.5.0' ],
118 silly audit   'https-proxy-agent': [ '7.0.6' ],
118 silly audit   ieee754: [ '1.2.1' ],
118 silly audit   ignore: [ '5.3.2' ],
118 silly audit   'image-size': [ '1.2.1' ],
118 silly audit   imurmurhash: [ '0.1.4' ],
118 silly audit   inflight: [ '1.0.6' ],
118 silly audit   inherits: [ '2.0.4' ],
118 silly audit   ini: [ '1.3.8' ],
118 silly audit   invariant: [ '2.2.4' ],
118 silly audit   'is-arrayish': [ '0.3.4' ],
118 silly audit   'is-core-module': [ '2.16.1' ],
118 silly audit   'is-docker': [ '2.2.1' ],
118 silly audit   'is-fullwidth-code-point': [ '3.0.0' ],
118 silly audit   'is-number': [ '7.0.0' ],
118 silly audit   'is-wsl': [ '2.2.0' ],
118 silly audit   isexe: [ '2.0.0' ],
118 silly audit   'istanbul-lib-coverage': [ '3.2.2' ],
118 silly audit   'istanbul-lib-instrument': [ '5.2.1' ],
118 silly audit   'jest-environment-node': [ '29.7.0' ],
118 silly audit   'jest-get-type': [ '29.6.3' ],
118 silly audit   'jest-haste-map': [ '29.7.0' ],
118 silly audit   'jest-message-util': [ '29.7.0' ],
118 silly audit   'jest-mock': [ '29.7.0' ],
118 silly audit   'jest-regex-util': [ '29.6.3' ],
118 silly audit   'jest-util': [ '29.7.0' ],
118 silly audit   'jest-validate': [ '29.7.0' ],
118 silly audit   'jest-worker': [ '29.7.0' ],
118 silly audit   'jimp-compact': [ '0.16.1' ],
118 silly audit   'js-tokens': [ '4.0.0' ],
118 silly audit   'jsc-safe-url': [ '0.2.4' ],
118 silly audit   jsesc: [ '3.1.0' ],
118 silly audit   'json-bigint': [ '1.0.0' ],
118 silly audit   json5: [ '2.2.3' ],
118 silly audit   kleur: [ '3.0.3' ],
118 silly audit   'lan-network': [ '0.1.7' ],
118 silly audit   leven: [ '3.1.0' ],
118 silly audit   'lighthouse-logger': [ '1.4.2' ],
118 silly audit   lightningcss: [ '1.32.0' ],
118 silly audit   'lightningcss-android-arm64': [ '1.32.0' ],
118 silly audit   'lightningcss-darwin-arm64': [ '1.32.0' ],
118 silly audit   'lightningcss-darwin-x64': [ '1.32.0' ],
118 silly audit   'lightningcss-freebsd-x64': [ '1.32.0' ],
118 silly audit   'lightningcss-linux-arm-gnueabihf': [ '1.32.0' ],
118 silly audit   'lightningcss-linux-arm64-gnu': [ '1.32.0' ],
118 silly audit   'lightningcss-linux-arm64-musl': [ '1.32.0' ],
118 silly audit   'lightningcss-linux-x64-gnu': [ '1.32.0' ],
118 silly audit   'lightningcss-linux-x64-musl': [ '1.32.0' ],
118 silly audit   'lightningcss-win32-arm64-msvc': [ '1.32.0' ],
118 silly audit   'lightningcss-win32-x64-msvc': [ '1.32.0' ],
118 silly audit   'lines-and-columns': [ '1.2.4' ],
118 silly audit   'locate-path': [ '5.0.0' ],
118 silly audit   'lodash.debounce': [ '4.0.8' ],
118 silly audit   'lodash.throttle': [ '4.1.1' ],
118 silly audit   'log-symbols': [ '2.2.0' ],
118 silly audit   'loose-envify': [ '1.4.0' ],
118 silly audit   'lucide-react-native': [ '1.8.0' ],
118 silly audit   makeerror: [ '1.0.12' ],
118 silly audit   marky: [ '1.3.0' ],
118 silly audit   'math-intrinsics': [ '1.1.0' ],
118 silly audit   'mdn-data': [ '2.0.14' ],
118 silly audit   'memoize-one': [ '5.2.1' ],
118 silly audit   'merge-stream': [ '2.0.0' ],
118 silly audit   micromatch: [ '4.0.8' ],
118 silly audit   mime: [ '1.6.0' ],
118 silly audit   'mimic-fn': [ '1.2.0' ],
118 silly audit   minimist: [ '1.2.8' ],
118 silly audit   minipass: [ '7.1.3' ],
118 silly audit   minizlib: [ '3.1.0' ],
118 silly audit   mkdirp: [ '1.0.4' ],
118 silly audit   mz: [ '2.7.0' ],
118 silly audit   nanoid: [ '3.3.11' ],
118 silly audit   'nested-error-stacks': [ '2.0.1' ],
118 silly audit   'node-forge': [ '1.4.0' ],
118 silly audit   'node-int64': [ '0.4.0' ],
118 silly audit   'node-releases': [ '2.0.38' ],
118 silly audit   'normalize-path': [ '3.0.0' ],
118 silly audit   'npm-package-arg': [ '11.0.3' ],
118 silly audit   'nth-check': [ '2.1.1' ],
118 silly audit   nullthrows: [ '1.1.1' ],
118 silly audit   'object-assign': [ '4.1.1' ],
118 silly audit   'on-finished': [ '2.3.0', '2.4.1' ],
118 silly audit   'on-headers': [ '1.1.0' ],
118 silly audit   once: [ '1.4.0' ],
118 silly audit   onetime: [ '2.0.1' ],
118 silly audit   ora: [ '3.4.0' ],
118 silly audit   'strip-ansi': [ '5.2.0', '6.0.1' ],
118 silly audit   'p-limit': [ '3.1.0', '2.3.0' ],
118 silly audit   'p-locate': [ '4.1.0' ],
118 silly audit   'p-try': [ '2.2.0' ],
118 silly audit   'parse-png': [ '2.1.0' ],
118 silly audit   parseurl: [ '1.3.3' ],
118 silly audit   'path-exists': [ '4.0.0' ],
118 silly audit   'path-is-absolute': [ '1.0.1' ],
118 silly audit   'path-key': [ '3.1.1' ],
118 silly audit   'path-parse': [ '1.0.7' ],
118 silly audit   'path-scurry': [ '2.0.2' ],
118 silly audit   picocolors: [ '1.1.1' ],
118 silly audit   pirates: [ '4.0.7' ],
118 silly audit   plist: [ '3.1.0' ],
118 silly audit   pngjs: [ '3.4.0' ],
118 silly audit   postcss: [ '8.4.49' ],
118 silly audit   'pretty-bytes': [ '5.6.0' ],
118 silly audit   'pretty-format': [ '29.7.0' ],
118 silly audit   'proc-log': [ '4.2.0' ],
118 silly audit   progress: [ '2.0.3' ],
118 silly audit   promise: [ '8.3.0' ],
118 silly audit   prompts: [ '2.4.2' ],
118 silly audit   'proxy-from-env': [ '2.1.0' ],
118 silly audit   punycode: [ '2.3.1' ],
118 silly audit   'qrcode-terminal': [ '0.11.0' ],
118 silly audit   'query-string': [ '7.1.3' ],
118 silly audit   queue: [ '6.0.2' ],
118 silly audit   'range-parser': [ '1.2.1' ],
118 silly audit   rc: [ '1.2.8' ],
118 silly audit   react: [ '19.1.0' ],
118 silly audit   'react-devtools-core': [ '6.1.5' ],
118 silly audit   'react-dom': [ '19.2.5' ],
118 silly audit   'react-fast-compare': [ '3.2.2' ],
118 silly audit   'react-freeze': [ '1.0.4' ],
118 silly audit   'react-native': [ '0.81.5' ],
118 silly audit   'react-native-gesture-handler': [ '2.31.1' ],
118 silly audit   'react-native-is-edge-to-edge': [ '1.3.1' ],
118 silly audit   'react-native-reanimated': [ '4.3.0' ],
118 silly audit   'react-native-safe-area-context': [ '5.7.0' ],
118 silly audit   'react-native-screens': [ '4.24.0' ],
118 silly audit   'react-native-svg': [ '15.15.4' ],
118 silly audit   'react-native-webview': [ '13.16.1' ],
118 silly audit   'react-native-worklets': [ '0.8.1' ],
118 silly audit   '@react-native/virtualized-lists': [ '0.81.5' ],
118 silly audit   scheduler: [ '0.26.0', '0.27.0' ],
118 silly audit   'react-refresh': [ '0.14.2' ],
118 silly audit   'react-remove-scroll': [ '2.7.2' ],
118 silly audit   'react-remove-scroll-bar': [ '2.3.8' ],
118 silly audit   'react-style-singleton': [ '2.2.3' ],
118 silly audit   regenerate: [ '1.4.2' ],
118 silly audit   'regenerate-unicode-properties': [ '10.2.2' ],
118 silly audit   'regenerator-runtime': [ '0.13.11' ],
118 silly audit   'regexpu-core': [ '6.4.0' ],
118 silly audit   regjsgen: [ '0.8.0' ],
118 silly audit   regjsparser: [ '0.13.1' ],
118 silly audit   'require-directory': [ '2.1.1' ],
118 silly audit   'require-from-string': [ '2.0.2' ],
118 silly audit   requireg: [ '0.2.2' ],
118 silly audit   resolve: [ '1.7.1', '1.22.12' ],
118 silly audit   'resolve-from': [ '5.0.0' ],
118 silly audit   'resolve-workspace-root': [ '2.0.1' ],
118 silly audit   'resolve.exports': [ '2.0.3' ],
118 silly audit   'restore-cursor': [ '2.0.0' ],
118 silly audit   rimraf: [ '3.0.2' ],
118 silly audit   'safe-buffer': [ '5.2.1' ],
118 silly audit   sax: [ '1.6.0' ],
118 silly audit   send: [ '0.19.2' ],
118 silly audit   'serialize-error': [ '2.1.0' ],
118 silly audit   'serve-static': [ '1.16.3' ],
118 silly audit   'server-only': [ '0.0.1' ],
118 silly audit   setprototypeof: [ '1.2.0' ],
118 silly audit   'sf-symbols-typescript': [ '2.2.0' ],
118 silly audit   shallowequal: [ '1.1.0' ],
118 silly audit   'shebang-command': [ '2.0.0' ],
118 silly audit   'shebang-regex': [ '3.0.0' ],
118 silly audit   'shell-quote': [ '1.8.3' ],
118 silly audit   'signal-exit': [ '3.0.7' ],
118 silly audit   'simple-plist': [ '1.3.1' ],
118 silly audit   'simple-swizzle': [ '0.2.4' ],
118 silly audit   sisteransi: [ '1.0.5' ],
118 silly audit   slash: [ '3.0.0' ],
118 silly audit   slugify: [ '1.6.9' ],
118 silly audit   'source-map-js': [ '1.2.1' ],
118 silly audit   'source-map-support': [ '0.5.21' ],
118 silly audit   'split-on-first': [ '1.1.0' ],
118 silly audit   'sprintf-js': [ '1.0.3' ],
118 silly audit   'stack-utils': [ '2.0.6' ],
118 silly audit   stackframe: [ '1.3.4' ],
118 silly audit   'stacktrace-parser': [ '0.1.11' ],
118 silly audit   'stream-buffers': [ '2.2.0' ],
118 silly audit   'strict-uri-encode': [ '2.0.0' ],
118 silly audit   'string-width': [ '4.2.3' ],
118 silly audit   'strip-json-comments': [ '2.0.1' ],
118 silly audit   'structured-headers': [ '0.4.1' ],
118 silly audit   sucrase: [ '3.35.1' ],
118 silly audit   'supports-hyperlinks': [ '2.3.0' ],
118 silly audit   'supports-preserve-symlinks-flag': [ '1.0.0' ],
118 silly audit   tar: [ '7.5.13' ],
118 silly audit   yallist: [ '5.0.0', '3.1.1' ],
118 silly audit   'terminal-link': [ '2.1.1' ],
118 silly audit   terser: [ '5.46.2' ],
118 silly audit   'test-exclude': [ '6.0.0' ],
118 silly audit   thenify: [ '3.3.1' ],
118 silly audit   'thenify-all': [ '1.6.0' ],
118 silly audit   throat: [ '5.0.0' ],
118 silly audit   tinyglobby: [ '0.2.16' ],
118 silly audit   fdir: [ '6.5.0' ],
118 silly audit   tmpl: [ '1.0.5' ],
118 silly audit   'to-regex-range': [ '5.0.1' ],
118 silly audit   toidentifier: [ '1.0.1' ],
118 silly audit   'ts-interface-checker': [ '0.1.13' ],
118 silly audit   tslib: [ '2.8.1' ],
118 silly audit   'type-detect': [ '4.0.8' ],
118 silly audit   typescript: [ '5.9.3' ],
118 silly audit   undici: [ '6.25.0' ],
118 silly audit   'undici-types': [ '7.19.2' ],
118 silly audit   'unicode-canonical-property-names-ecmascript': [ '2.0.1' ],
118 silly audit   'unicode-match-property-ecmascript': [ '2.0.0' ],
118 silly audit   'unicode-match-property-value-ecmascript': [ '2.2.1' ],
118 silly audit   'unicode-property-aliases-ecmascript': [ '2.2.0' ],
118 silly audit   unpipe: [ '1.0.0' ],
118 silly audit   'update-browserslist-db': [ '1.2.3' ],
118 silly audit   'use-callback-ref': [ '1.3.3' ],
118 silly audit   'use-latest-callback': [ '0.2.6' ],
118 silly audit   'use-sidecar': [ '1.1.3' ],
118 silly audit   'use-sync-external-store': [ '1.6.0' ],
118 silly audit   'utils-merge': [ '1.0.1' ],
118 silly audit   uuid: [ '7.0.3' ],
118 silly audit   'validate-npm-package-name': [ '5.0.1' ],
118 silly audit   vary: [ '1.1.2' ],
118 silly audit   vaul: [ '1.1.2' ],
118 silly audit   '@radix-ui/react-dialog': [ '1.1.15' ],
118 silly audit   '@radix-ui/react-dismissable-layer': [ '1.1.11' ],
118 silly audit   '@radix-ui/react-focus-scope': [ '1.1.7' ],
118 silly audit   '@radix-ui/react-portal': [ '1.1.9' ],
118 silly audit   vlq: [ '1.0.1' ],
118 silly audit   walker: [ '1.0.8' ],
118 silly audit   'warn-once': [ '0.1.1' ],
118 silly audit   wcwidth: [ '1.0.1' ],
118 silly audit   'webidl-conversions': [ '5.0.0' ],
118 silly audit   'whatwg-fetch': [ '3.6.20' ],
118 silly audit   'whatwg-url-without-unicode': [ '8.0.0-3' ],
118 silly audit   which: [ '2.0.2' ],
118 silly audit   wonka: [ '6.3.6' ],
118 silly audit   'wrap-ansi': [ '7.0.0' ],
118 silly audit   wrappy: [ '1.0.2' ],
118 silly audit   'write-file-atomic': [ '4.0.2' ],
118 silly audit   xcode: [ '3.0.1' ],
118 silly audit   xml2js: [ '0.6.0' ],
118 silly audit   xmlbuilder: [ '11.0.1', '15.1.1' ],
118 silly audit   y18n: [ '5.0.8' ],
118 silly audit   yaml: [ '2.8.3' ],
118 silly audit   yargs: [ '17.7.2' ],
118 silly audit   'yargs-parser': [ '21.1.1' ],
118 silly audit   'yocto-queue': [ '0.1.0' ]
118 silly audit }
119 http cache babel-preset-expo@https://registry.npmjs.org/babel-preset-expo/-/babel-preset-expo-55.0.18.tgz 0ms (cache hit)
120 http cache brace-expansion@https://registry.npmjs.org/brace-expansion/-/brace-expansion-1.1.14.tgz 0ms (cache hit)
121 http cache glob@https://registry.npmjs.org/glob/-/glob-7.2.3.tgz 0ms (cache hit)
122 http cache hermes-estree@https://registry.npmjs.org/hermes-estree/-/hermes-estree-0.32.1.tgz 0ms (cache hit)
123 http cache @react-native/codegen@https://registry.npmjs.org/@react-native/codegen/-/codegen-0.83.6.tgz 0ms (cache hit)
124 http cache @react-native/babel-plugin-codegen@https://registry.npmjs.org/@react-native/babel-plugin-codegen/-/babel-plugin-codegen-0.83.6.tgz 0ms (cache hit)
125 http cache minimatch@https://registry.npmjs.org/minimatch/-/minimatch-3.1.5.tgz 0ms (cache hit)
126 http cache babel-plugin-syntax-hermes-parser@https://registry.npmjs.org/babel-plugin-syntax-hermes-parser/-/babel-plugin-syntax-hermes-parser-0.32.1.tgz 0ms (cache hit)
127 http cache hermes-parser@https://registry.npmjs.org/hermes-parser/-/hermes-parser-0.32.1.tgz 0ms (cache hit)
128 http cache @react-native/babel-preset@https://registry.npmjs.org/@react-native/babel-preset/-/babel-preset-0.83.6.tgz 0ms (cache hit)
129 http cache babel-plugin-syntax-hermes-parser@https://registry.npmjs.org/babel-plugin-syntax-hermes-parser/-/babel-plugin-syntax-hermes-parser-0.32.0.tgz 0ms (cache hit)
130 silly tarball no local data for babel-preset-expo@https://registry.npmjs.org/babel-preset-expo/-/babel-preset-expo-55.0.18.tgz. Extracting by manifest.
131 silly tarball no local data for hermes-estree@https://registry.npmjs.org/hermes-estree/-/hermes-estree-0.32.1.tgz. Extracting by manifest.
132 silly tarball no local data for @react-native/codegen@https://registry.npmjs.org/@react-native/codegen/-/codegen-0.83.6.tgz. Extracting by manifest.
133 silly tarball no local data for @react-native/babel-plugin-codegen@https://registry.npmjs.org/@react-native/babel-plugin-codegen/-/babel-plugin-codegen-0.83.6.tgz. Extracting by manifest.
134 silly tarball no local data for babel-plugin-syntax-hermes-parser@https://registry.npmjs.org/babel-plugin-syntax-hermes-parser/-/babel-plugin-syntax-hermes-parser-0.32.1.tgz. Extracting by manifest.
135 silly tarball no local data for hermes-parser@https://registry.npmjs.org/hermes-parser/-/hermes-parser-0.32.1.tgz. Extracting by manifest.
136 silly tarball no local data for @react-native/babel-preset@https://registry.npmjs.org/@react-native/babel-preset/-/babel-preset-0.83.6.tgz. Extracting by manifest.
137 silly tarball no local data for babel-plugin-syntax-hermes-parser@https://registry.npmjs.org/babel-plugin-syntax-hermes-parser/-/babel-plugin-syntax-hermes-parser-0.32.0.tgz. Extracting by manifest.
138 warn deprecated glob@7.2.3: Old versions of glob are not supported, and contain widely publicized security vulnerabilities, which have been fixed in the current version. Please update. Support for old versions may be purchased (at exorbitant rates) by contacting i@izs.me
139 http fetch GET 200 https://registry.npmjs.org/babel-plugin-syntax-hermes-parser/-/babel-plugin-syntax-hermes-parser-0.32.1.tgz 142ms (cache miss)
140 http fetch GET 200 https://registry.npmjs.org/babel-plugin-syntax-hermes-parser/-/babel-plugin-syntax-hermes-parser-0.32.0.tgz 142ms (cache miss)
141 http fetch GET 200 https://registry.npmjs.org/@react-native/babel-plugin-codegen/-/babel-plugin-codegen-0.83.6.tgz 145ms (cache miss)
142 http fetch GET 200 https://registry.npmjs.org/@react-native/babel-preset/-/babel-preset-0.83.6.tgz 156ms (cache miss)
143 http fetch GET 200 https://registry.npmjs.org/babel-preset-expo/-/babel-preset-expo-55.0.18.tgz 199ms (cache miss)
144 http fetch GET 200 https://registry.npmjs.org/hermes-parser/-/hermes-parser-0.32.1.tgz 266ms (cache miss)
145 http fetch POST 200 https://registry.npmjs.org/-/npm/v1/security/advisories/bulk 290ms
146 silly audit report {
146 silly audit report   uuid: [
146 silly audit report     {
146 silly audit report       id: 1116970,
146 silly audit report       url: 'https://github.com/advisories/GHSA-w5hq-g745-h8pq',
146 silly audit report       title: 'uuid: Missing buffer bounds check in v3/v5/v6 when buf is provided',
146 silly audit report       severity: 'moderate',
146 silly audit report       vulnerable_versions: '<14.0.0',
146 silly audit report       cwe: [Array],
146 silly audit report       cvss: [Object]
146 silly audit report     }
146 silly audit report   ]
146 silly audit report }
147 silly packumentCache corgi:https://registry.npmjs.org/uuid cache-miss
148 http fetch GET 200 https://registry.npmjs.org/hermes-estree/-/hermes-estree-0.32.1.tgz 282ms (cache miss)
149 http fetch GET 200 https://registry.npmjs.org/uuid 33ms (cache revalidated)
150 silly packumentCache corgi:https://registry.npmjs.org/uuid set size:72733 disposed:false
151 silly packumentCache corgi:https://registry.npmjs.org/xcode cache-miss
152 http fetch GET 200 https://registry.npmjs.org/@react-native/codegen/-/codegen-0.83.6.tgz 338ms (cache miss)
153 http fetch GET 200 https://registry.npmjs.org/xcode 467ms (cache revalidated)
154 silly packumentCache corgi:https://registry.npmjs.org/xcode set size:1850340 disposed:false
155 silly packumentCache corgi:https://registry.npmjs.org/@expo%2fconfig-plugins cache-miss
156 http fetch GET 200 https://registry.npmjs.org/@expo%2fconfig-plugins 56ms (cache revalidated)
157 silly packumentCache corgi:https://registry.npmjs.org/@expo%2fconfig-plugins set size:388145 disposed:false
158 silly packumentCache corgi:https://registry.npmjs.org/@expo%2fconfig cache-miss
159 silly packumentCache corgi:https://registry.npmjs.org/@expo%2fprebuild-config cache-miss
160 silly packumentCache corgi:https://registry.npmjs.org/expo cache-miss
161 silly packumentCache corgi:https://registry.npmjs.org/@expo%2fcli cache-miss
162 http fetch GET 200 https://registry.npmjs.org/expo 38ms (cache revalidated)
163 silly packumentCache corgi:https://registry.npmjs.org/expo set size:1671265 disposed:false
164 http fetch GET 200 https://registry.npmjs.org/@expo%2fconfig 55ms (cache revalidated)
165 silly packumentCache corgi:https://registry.npmjs.org/@expo%2fconfig set size:518312 disposed:false
166 http fetch GET 200 https://registry.npmjs.org/@expo%2fcli 62ms (cache revalidated)
167 silly packumentCache corgi:https://registry.npmjs.org/@expo%2fcli set size:1490664 disposed:false
168 http fetch GET 200 https://registry.npmjs.org/@expo%2fprebuild-config 106ms (cache revalidated)
169 silly packumentCache corgi:https://registry.npmjs.org/@expo%2fprebuild-config set size:350227 disposed:false
170 silly packumentCache corgi:https://registry.npmjs.org/@expo%2fdom-webview cache-miss
171 silly packumentCache corgi:https://registry.npmjs.org/@expo%2flog-box cache-miss
172 silly packumentCache corgi:https://registry.npmjs.org/expo-constants cache-miss
173 silly packumentCache corgi:https://registry.npmjs.org/expo-font cache-miss
174 silly packumentCache corgi:https://registry.npmjs.org/expo-glass-effect cache-miss
175 silly packumentCache corgi:https://registry.npmjs.org/expo-image cache-miss
176 silly packumentCache corgi:https://registry.npmjs.org/expo-linear-gradient cache-miss
177 silly packumentCache corgi:https://registry.npmjs.org/expo-router cache-miss
178 silly packumentCache corgi:https://registry.npmjs.org/@expo%2fmetro-runtime cache-miss
179 silly packumentCache corgi:https://registry.npmjs.org/expo-symbols cache-miss
180 silly packumentCache corgi:https://registry.npmjs.org/@expo%2fmetro-config cache-miss
181 silly packumentCache corgi:https://registry.npmjs.org/babel-preset-expo cache-miss
182 silly packumentCache corgi:https://registry.npmjs.org/expo-asset cache-miss
183 silly packumentCache corgi:https://registry.npmjs.org/expo-file-system cache-miss
184 silly packumentCache corgi:https://registry.npmjs.org/expo-keep-awake cache-miss
185 http fetch GET 200 https://registry.npmjs.org/expo-glass-effect 78ms (cache revalidated)
186 silly packumentCache corgi:https://registry.npmjs.org/expo-glass-effect set size:61718 disposed:false
187 http fetch GET 200 https://registry.npmjs.org/expo-constants 80ms (cache revalidated)
188 silly packumentCache corgi:https://registry.npmjs.org/expo-constants set size:263022 disposed:false
189 http fetch GET 200 https://registry.npmjs.org/expo-symbols 81ms (cache revalidated)
190 silly packumentCache corgi:https://registry.npmjs.org/expo-symbols set size:125078 disposed:false
191 http fetch GET 200 https://registry.npmjs.org/expo-image 84ms (cache revalidated)
192 silly packumentCache corgi:https://registry.npmjs.org/expo-image set size:206571 disposed:false
193 http fetch GET 200 https://registry.npmjs.org/@expo%2fdom-webview 91ms (cache revalidated)
194 silly packumentCache corgi:https://registry.npmjs.org/@expo%2fdom-webview set size:82911 disposed:false
195 http fetch GET 200 https://registry.npmjs.org/expo-linear-gradient 91ms (cache revalidated)
196 silly packumentCache corgi:https://registry.npmjs.org/expo-linear-gradient set size:207744 disposed:false
197 http fetch GET 200 https://registry.npmjs.org/expo-font 95ms (cache revalidated)
198 silly packumentCache corgi:https://registry.npmjs.org/expo-font set size:220971 disposed:false
199 http fetch GET 200 https://registry.npmjs.org/@expo%2flog-box 110ms (cache revalidated)
200 silly packumentCache corgi:https://registry.npmjs.org/@expo%2flog-box set size:56400 disposed:false
201 http fetch GET 200 https://registry.npmjs.org/@expo%2fmetro-runtime 110ms (cache revalidated)
202 silly packumentCache corgi:https://registry.npmjs.org/@expo%2fmetro-runtime set size:165973 disposed:false
203 http fetch GET 200 https://registry.npmjs.org/expo-asset 147ms (cache revalidated)
204 silly packumentCache corgi:https://registry.npmjs.org/expo-asset set size:276833 disposed:false
205 http fetch GET 200 https://registry.npmjs.org/expo-file-system 151ms (cache revalidated)
206 silly packumentCache corgi:https://registry.npmjs.org/expo-file-system set size:269288 disposed:false
207 http fetch GET 200 https://registry.npmjs.org/@expo%2fmetro-config 158ms (cache revalidated)
208 silly packumentCache corgi:https://registry.npmjs.org/@expo%2fmetro-config set size:530687 disposed:false
209 http fetch GET 200 https://registry.npmjs.org/babel-preset-expo 165ms (cache revalidated)
210 silly packumentCache corgi:https://registry.npmjs.org/babel-preset-expo set size:445867 disposed:false
211 http fetch GET 200 https://registry.npmjs.org/expo-router 173ms (cache revalidated)
212 silly packumentCache corgi:https://registry.npmjs.org/expo-router set size:815124 disposed:false
213 http fetch GET 200 https://registry.npmjs.org/expo-keep-awake 184ms (cache revalidated)
214 silly packumentCache corgi:https://registry.npmjs.org/expo-keep-awake set size:174396 disposed:false
215 silly ADD node_modules/babel-preset-expo
216 silly ADD node_modules/babel-preset-expo/node_modules/hermes-estree
217 silly ADD node_modules/babel-preset-expo/node_modules/brace-expansion
218 silly ADD node_modules/babel-preset-expo/node_modules/minimatch
219 silly ADD node_modules/babel-preset-expo/node_modules/glob
220 silly ADD node_modules/babel-preset-expo/node_modules/@react-native/codegen
221 silly ADD node_modules/babel-preset-expo/node_modules/@react-native/babel-plugin-codegen
222 silly ADD node_modules/babel-preset-expo/node_modules/babel-plugin-syntax-hermes-parser
223 silly ADD node_modules/babel-preset-expo/node_modules/babel-plugin-syntax-hermes-parser/node_modules/hermes-parser
224 silly ADD node_modules/babel-preset-expo/node_modules/@react-native/babel-preset
225 silly ADD node_modules/babel-preset-expo/node_modules/@react-native/babel-preset/node_modules/babel-plugin-syntax-hermes-parser
226 verbose cwd /Users/haldwani/Documents/Working/party_dial/ClientMobile
227 verbose os Darwin 25.4.0
228 verbose node v25.2.1
229 verbose npm  v11.6.2
230 verbose exit 0
231 info ok
