0 verbose cli /usr/local/bin/node /usr/local/bin/npm
1 info using npm@11.6.2
2 info using node@v25.2.1
3 silly config load:file:/usr/local/lib/node_modules/npm/npmrc
4 silly config load:file:/Users/haldwani/Documents/Working/party_dial/ClientMobile/.npmrc
5 silly config load:file:/Users/haldwani/.npmrc
6 silly config load:file:/usr/local/etc/npmrc
7 verbose title npm install babel-preset-expo
8 verbose argv "install" "babel-preset-expo" "--cache" "../npm-cache" "--force"
9 verbose logfile logs-max:10 dir:/Users/haldwani/Documents/Working/party_dial/npm-cache/_logs/2026-04-23T11_20_58_446Z-
10 verbose logfile /Users/haldwani/Documents/Working/party_dial/npm-cache/_logs/2026-04-23T11_20_58_446Z-debug-0.log
11 warn using --force Recommended protections disabled.
12 silly logfile done cleaning log files
13 silly packumentCache heap:4496293888 maxSize:1124073472 maxEntrySize:562036736
14 silly idealTree buildDeps
15 silly fetch manifest babel-preset-expo@^55.0.18
16 silly packumentCache full:https://registry.npmjs.org/babel-preset-expo cache-miss
17 http cache https://registry.npmjs.org/babel-preset-expo 159ms (cache hit)
18 silly packumentCache full:https://registry.npmjs.org/babel-preset-expo set size:1091706 disposed:false
19 silly fetch manifest @babel/runtime@^7.20.0
20 silly packumentCache full:https://registry.npmjs.org/@babel%2fruntime cache-miss
21 http cache https://registry.npmjs.org/@babel%2fruntime 13ms (cache hit)
22 silly packumentCache full:https://registry.npmjs.org/@babel%2fruntime set size:3372292 disposed:false
23 silly fetch manifest expo@~54.0.33
24 silly packumentCache full:https://registry.npmjs.org/expo cache-miss
25 http cache https://registry.npmjs.org/expo 11ms (cache hit)
26 silly packumentCache full:https://registry.npmjs.org/expo set size:3647454 disposed:false
27 silly fetch manifest @expo/dom-webview@*
28 silly packumentCache full:https://registry.npmjs.org/@expo%2fdom-webview cache-miss
29 http cache https://registry.npmjs.org/@expo%2fdom-webview 5ms (cache hit)
30 silly packumentCache full:https://registry.npmjs.org/@expo%2fdom-webview set size:359215 disposed:false
31 silly fetch manifest react@19.1.0
32 silly packumentCache full:https://registry.npmjs.org/react cache-miss
33 http cache https://registry.npmjs.org/react 19ms (cache hit)
34 silly packumentCache full:https://registry.npmjs.org/react set size:6621771 disposed:false
35 silly fetch manifest react-native@0.81.5
36 silly packumentCache full:https://registry.npmjs.org/react-native cache-miss
37 http cache https://registry.npmjs.org/react-native 43ms (cache hit)
38 silly packumentCache full:https://registry.npmjs.org/react-native set size:15159227 disposed:false
39 silly fetch manifest @types/react@~19.1.0
40 silly packumentCache full:https://registry.npmjs.org/@types%2freact cache-miss
41 http cache https://registry.npmjs.org/@types%2freact 8ms (cache hit)
42 silly packumentCache full:https://registry.npmjs.org/@types%2freact set size:2588964 disposed:false
43 silly fetch manifest @expo/metro-runtime@*
44 silly packumentCache full:https://registry.npmjs.org/@expo%2fmetro-runtime cache-miss
45 http cache https://registry.npmjs.org/@expo%2fmetro-runtime 5ms (cache hit)
46 silly packumentCache full:https://registry.npmjs.org/@expo%2fmetro-runtime set size:628973 disposed:false
47 silly fetch manifest react-dom@*
48 silly packumentCache full:https://registry.npmjs.org/react-dom cache-miss
49 http cache https://registry.npmjs.org/react-dom 26ms (cache hit)
50 silly packumentCache full:https://registry.npmjs.org/react-dom set size:8819255 disposed:false
51 silly fetch manifest react@^19.2.5
52 silly packumentCache full:https://registry.npmjs.org/react cache-miss
53 http cache https://registry.npmjs.org/react 24ms (cache hit)
54 silly packumentCache full:https://registry.npmjs.org/react set size:6621771 disposed:false
55 silly fetch manifest react-native-webview@^13.16.1
56 silly packumentCache full:https://registry.npmjs.org/react-native-webview cache-miss
57 http cache https://registry.npmjs.org/react-native-webview 6ms (cache hit)
58 silly packumentCache full:https://registry.npmjs.org/react-native-webview set size:1355349 disposed:false
59 silly fetch manifest expo-widgets@^55.0.14
60 silly packumentCache full:https://registry.npmjs.org/expo-widgets cache-miss
61 http cache https://registry.npmjs.org/expo-widgets 4ms (cache hit)
62 silly packumentCache full:https://registry.npmjs.org/expo-widgets set size:116573 disposed:false
63 silly fetch manifest react-refresh@>=0.14.0 <1.0.0
64 silly packumentCache full:https://registry.npmjs.org/react-refresh cache-miss
65 http cache https://registry.npmjs.org/react-refresh 16ms (cache hit)
66 silly packumentCache full:https://registry.npmjs.org/react-refresh set size:6307783 disposed:false
67 silly placeDep ROOT babel-preset-expo@55.0.18 REPLACE for: clientmobile@1.0.0 want: ^55.0.18
68 warn ERESOLVE overriding peer dependency {
68 warn ERESOLVE   code: 'ERESOLVE',
68 warn ERESOLVE   edge: {
68 warn ERESOLVE     type: 'peer',
68 warn ERESOLVE     name: 'react',
68 warn ERESOLVE     spec: '^19.2.5',
68 warn ERESOLVE     error: 'INVALID',
68 warn ERESOLVE     from: {
68 warn ERESOLVE       name: 'react-dom',
68 warn ERESOLVE       version: '19.2.5',
68 warn ERESOLVE       location: 'node_modules/react-dom',
68 warn ERESOLVE       isWorkspace: false,
68 warn ERESOLVE       dependents: [Array]
68 warn ERESOLVE     }
68 warn ERESOLVE   },
68 warn ERESOLVE   dep: {
68 warn ERESOLVE     name: 'react',
68 warn ERESOLVE     version: '19.2.5',
68 warn ERESOLVE     whileInstalling: {
68 warn ERESOLVE       name: 'react-dom',
68 warn ERESOLVE       version: '19.2.5',
68 warn ERESOLVE       path: '/Users/haldwani/Documents/Working/party_dial/ClientMobile/node_modules/react-dom'
68 warn ERESOLVE     },
68 warn ERESOLVE     location: 'node_modules/react',
68 warn ERESOLVE     isWorkspace: false,
68 warn ERESOLVE     dependents: [ [Object] ]
68 warn ERESOLVE   },
68 warn ERESOLVE   force: true,
68 warn ERESOLVE   isMine: true,
68 warn ERESOLVE   strictPeerDeps: false,
68 warn ERESOLVE   current: {
68 warn ERESOLVE     name: 'react',
68 warn ERESOLVE     version: '19.1.0',
68 warn ERESOLVE     location: 'node_modules/react',
68 warn ERESOLVE     isWorkspace: false,
68 warn ERESOLVE     dependents: [
68 warn ERESOLVE       [Object], [Object], [Object], [Object], [Object],
68 warn ERESOLVE       [Object], [Object], [Object], [Object], [Object],
68 warn ERESOLVE       [Object], [Object], [Object], [Object], [Object],
68 warn ERESOLVE       [Object], [Object], [Object], [Object], [Object],
68 warn ERESOLVE       [Object], [Object], [Object], [Object], [Object],
68 warn ERESOLVE       [Object], [Object], [Object], [Object], [Object],
68 warn ERESOLVE       [Object], [Object], [Object], [Object], [Object],
68 warn ERESOLVE       [Object], [Object], [Object], [Object], [Object],
68 warn ERESOLVE       [Object], [Object], [Object], [Object], [Object],
68 warn ERESOLVE       [Object], [Object], [Object], [Object], [Object],
68 warn ERESOLVE       [Object], [Object], [Object], [Object], [Object],
68 warn ERESOLVE       [Object], [Object], [Object], [Object], [Object],
68 warn ERESOLVE       [Object], [Object], [Object], [Object], [Object],
68 warn ERESOLVE       [Object], [Object], [Object]
68 warn ERESOLVE     ]
68 warn ERESOLVE   },
68 warn ERESOLVE   peerConflict: {
68 warn ERESOLVE     current: {
68 warn ERESOLVE       name: 'react',
68 warn ERESOLVE       version: '19.1.0',
68 warn ERESOLVE       location: 'node_modules/react',
68 warn ERESOLVE       isWorkspace: false,
68 warn ERESOLVE       dependents: [Array]
68 warn ERESOLVE     },
68 warn ERESOLVE     peer: {
68 warn ERESOLVE       name: 'react',
68 warn ERESOLVE       version: '19.2.5',
68 warn ERESOLVE       whileInstalling: [Object],
68 warn ERESOLVE       location: 'node_modules/react',
68 warn ERESOLVE       isWorkspace: false,
68 warn ERESOLVE       dependents: [Array]
68 warn ERESOLVE     }
68 warn ERESOLVE   }
68 warn ERESOLVE }
69 silly reify moves {}
70 silly audit bulk request {
70 silly audit   '@0no-co/graphql.web': [ '1.2.0' ],
70 silly audit   '@babel/code-frame': [ '7.10.4', '7.29.0' ],
70 silly audit   '@babel/compat-data': [ '7.29.0' ],
70 silly audit   '@babel/core': [ '7.29.0' ],
70 silly audit   semver: [ '6.3.1', '7.6.3', '7.7.4' ],
70 silly audit   '@babel/generator': [ '7.29.1' ],
70 silly audit   '@babel/helper-annotate-as-pure': [ '7.27.3' ],
70 silly audit   '@babel/helper-compilation-targets': [ '7.28.6' ],
70 silly audit   '@babel/helper-create-class-features-plugin': [ '7.28.6' ],
70 silly audit   '@babel/helper-create-regexp-features-plugin': [ '7.28.5' ],
70 silly audit   '@babel/helper-define-polyfill-provider': [ '0.6.8' ],
70 silly audit   '@babel/helper-globals': [ '7.28.0' ],
70 silly audit   '@babel/helper-member-expression-to-functions': [ '7.28.5' ],
70 silly audit   '@babel/helper-module-imports': [ '7.28.6' ],
70 silly audit   '@babel/helper-module-transforms': [ '7.28.6' ],
70 silly audit   '@babel/helper-optimise-call-expression': [ '7.27.1' ],
70 silly audit   '@babel/helper-plugin-utils': [ '7.28.6' ],
70 silly audit   '@babel/helper-remap-async-to-generator': [ '7.27.1' ],
70 silly audit   '@babel/helper-replace-supers': [ '7.28.6' ],
70 silly audit   '@babel/helper-skip-transparent-expression-wrappers': [ '7.27.1' ],
70 silly audit   '@babel/helper-string-parser': [ '7.27.1' ],
70 silly audit   '@babel/helper-validator-identifier': [ '7.28.5' ],
70 silly audit   '@babel/helper-validator-option': [ '7.27.1' ],
70 silly audit   '@babel/helper-wrap-function': [ '7.28.6' ],
70 silly audit   '@babel/helpers': [ '7.29.2' ],
70 silly audit   '@babel/highlight': [ '7.25.9' ],
70 silly audit   '@babel/parser': [ '7.29.2' ],
70 silly audit   '@babel/plugin-proposal-decorators': [ '7.29.0' ],
70 silly audit   '@babel/plugin-proposal-export-default-from': [ '7.27.1' ],
70 silly audit   '@babel/plugin-syntax-async-generators': [ '7.8.4' ],
70 silly audit   '@babel/plugin-syntax-bigint': [ '7.8.3' ],
70 silly audit   '@babel/plugin-syntax-class-properties': [ '7.12.13' ],
70 silly audit   '@babel/plugin-syntax-class-static-block': [ '7.14.5' ],
70 silly audit   '@babel/plugin-syntax-decorators': [ '7.28.6' ],
70 silly audit   '@babel/plugin-syntax-dynamic-import': [ '7.8.3' ],
70 silly audit   '@babel/plugin-syntax-export-default-from': [ '7.28.6' ],
70 silly audit   '@babel/plugin-syntax-flow': [ '7.28.6' ],
70 silly audit   '@babel/plugin-syntax-import-attributes': [ '7.28.6' ],
70 silly audit   '@babel/plugin-syntax-import-meta': [ '7.10.4' ],
70 silly audit   '@babel/plugin-syntax-json-strings': [ '7.8.3' ],
70 silly audit   '@babel/plugin-syntax-jsx': [ '7.28.6' ],
70 silly audit   '@babel/plugin-syntax-logical-assignment-operators': [ '7.10.4' ],
70 silly audit   '@babel/plugin-syntax-nullish-coalescing-operator': [ '7.8.3' ],
70 silly audit   '@babel/plugin-syntax-numeric-separator': [ '7.10.4' ],
70 silly audit   '@babel/plugin-syntax-object-rest-spread': [ '7.8.3' ],
70 silly audit   '@babel/plugin-syntax-optional-catch-binding': [ '7.8.3' ],
70 silly audit   '@babel/plugin-syntax-optional-chaining': [ '7.8.3' ],
70 silly audit   '@babel/plugin-syntax-private-property-in-object': [ '7.14.5' ],
70 silly audit   '@babel/plugin-syntax-top-level-await': [ '7.14.5' ],
70 silly audit   '@babel/plugin-syntax-typescript': [ '7.28.6' ],
70 silly audit   '@babel/plugin-transform-arrow-functions': [ '7.27.1' ],
70 silly audit   '@babel/plugin-transform-async-generator-functions': [ '7.29.0' ],
70 silly audit   '@babel/plugin-transform-async-to-generator': [ '7.28.6' ],
70 silly audit   '@babel/plugin-transform-block-scoping': [ '7.28.6' ],
70 silly audit   '@babel/plugin-transform-class-properties': [ '7.28.6' ],
70 silly audit   '@babel/plugin-transform-class-static-block': [ '7.28.6' ],
70 silly audit   '@babel/plugin-transform-classes': [ '7.28.6' ],
70 silly audit   '@babel/plugin-transform-computed-properties': [ '7.28.6' ],
70 silly audit   '@babel/plugin-transform-destructuring': [ '7.28.5' ],
70 silly audit   '@babel/plugin-transform-export-namespace-from': [ '7.27.1' ],
70 silly audit   '@babel/plugin-transform-flow-strip-types': [ '7.27.1' ],
70 silly audit   '@babel/plugin-transform-for-of': [ '7.27.1' ],
70 silly audit   '@babel/plugin-transform-function-name': [ '7.27.1' ],
70 silly audit   '@babel/plugin-transform-literals': [ '7.27.1' ],
70 silly audit   '@babel/plugin-transform-logical-assignment-operators': [ '7.28.6' ],
70 silly audit   '@babel/plugin-transform-modules-commonjs': [ '7.28.6' ],
70 silly audit   '@babel/plugin-transform-named-capturing-groups-regex': [ '7.29.0' ],
70 silly audit   '@babel/plugin-transform-nullish-coalescing-operator': [ '7.28.6' ],
70 silly audit   '@babel/plugin-transform-numeric-separator': [ '7.28.6' ],
70 silly audit   '@babel/plugin-transform-object-rest-spread': [ '7.28.6' ],
70 silly audit   '@babel/plugin-transform-optional-catch-binding': [ '7.28.6' ],
70 silly audit   '@babel/plugin-transform-optional-chaining': [ '7.28.6' ],
70 silly audit   '@babel/plugin-transform-parameters': [ '7.27.7' ],
70 silly audit   '@babel/plugin-transform-private-methods': [ '7.28.6' ],
70 silly audit   '@babel/plugin-transform-private-property-in-object': [ '7.28.6' ],
70 silly audit   '@babel/plugin-transform-react-display-name': [ '7.28.0' ],
70 silly audit   '@babel/plugin-transform-react-jsx': [ '7.28.6' ],
70 silly audit   '@babel/plugin-transform-react-jsx-development': [ '7.27.1' ],
70 silly audit   '@babel/plugin-transform-react-jsx-self': [ '7.27.1' ],
70 silly audit   '@babel/plugin-transform-react-jsx-source': [ '7.27.1' ],
70 silly audit   '@babel/plugin-transform-react-pure-annotations': [ '7.27.1' ],
70 silly audit   '@babel/plugin-transform-regenerator': [ '7.29.0' ],
70 silly audit   '@babel/plugin-transform-runtime': [ '7.29.0' ],
70 silly audit   '@babel/plugin-transform-shorthand-properties': [ '7.27.1' ],
70 silly audit   '@babel/plugin-transform-spread': [ '7.28.6' ],
70 silly audit   '@babel/plugin-transform-sticky-regex': [ '7.27.1' ],
70 silly audit   '@babel/plugin-transform-template-literals': [ '7.27.1' ],
70 silly audit   '@babel/plugin-transform-typescript': [ '7.28.6' ],
70 silly audit   '@babel/plugin-transform-unicode-regex': [ '7.27.1' ],
70 silly audit   '@babel/preset-react': [ '7.28.5' ],
70 silly audit   '@babel/preset-typescript': [ '7.28.5' ],
70 silly audit   '@babel/runtime': [ '7.29.2' ],
70 silly audit   '@babel/template': [ '7.28.6' ],
70 silly audit   '@babel/traverse': [ '7.29.0' ],
70 silly audit   '@babel/types': [ '7.29.0' ],
70 silly audit   '@egjs/hammerjs': [ '2.0.17' ],
70 silly audit   '@expo-google-fonts/material-symbols': [ '0.4.33' ],
70 silly audit   '@expo/code-signing-certificates': [ '0.0.6' ],
70 silly audit   '@expo/config': [ '12.0.13' ],
70 silly audit   '@expo/config-plugins': [ '54.0.4' ],
70 silly audit   'ansi-styles': [ '4.3.0', '3.2.1', '5.2.0' ],
70 silly audit   chalk: [ '4.1.2', '2.4.2' ],
70 silly audit   'color-convert': [ '2.0.1', '1.9.3' ],
70 silly audit   'color-name': [ '1.1.4', '1.1.3' ],
70 silly audit   'has-flag': [ '4.0.0', '3.0.0' ],
70 silly audit   'supports-color': [ '7.2.0', '8.1.1', '5.5.0' ],
70 silly audit   '@expo/config-types': [ '54.0.10' ],
70 silly audit   '@expo/devcert': [ '1.2.1' ],
70 silly audit   debug: [ '3.2.7', '2.6.9', '4.4.3' ],
70 silly audit   '@expo/devtools': [ '0.1.8' ],
70 silly audit   '@expo/dom-webview': [ '55.0.5' ],
70 silly audit   '@expo/env': [ '2.1.1', '2.0.11' ],
70 silly audit   '@expo/fingerprint': [ '0.15.4' ],
70 silly audit   '@expo/image-utils': [ '0.8.13' ],
70 silly audit   '@expo/json-file': [ '10.0.13' ],
70 silly audit   '@expo/log-box': [ '55.0.11' ],
70 silly audit   '@expo/metro': [ '54.2.0' ],
70 silly audit   '@expo/osascript': [ '2.4.2' ],
70 silly audit   '@expo/package-manager': [ '1.10.4' ],
70 silly audit   '@expo/plist': [ '0.4.8' ],
70 silly audit   '@expo/prebuild-config': [ '54.0.8' ],
70 silly audit   '@expo/require-utils': [ '55.0.4' ],
70 silly audit   '@expo/schema-utils': [ '55.0.3', '0.1.8' ],
70 silly audit   '@expo/sdk-runtime-versions': [ '1.0.0' ],
70 silly audit   '@expo/spawn-async': [ '1.7.2' ],
70 silly audit   '@expo/sudo-prompt': [ '9.3.2' ],
70 silly audit   '@expo/ws-tunnel': [ '1.0.6' ],
70 silly audit   '@expo/xcpretty': [ '4.4.3' ],
70 silly audit   argparse: [ '2.0.1', '1.0.10' ],
70 silly audit   'js-yaml': [ '4.1.1', '3.14.2' ],
70 silly audit   '@isaacs/fs-minipass': [ '4.0.1' ],
70 silly audit   '@isaacs/ttlcache': [ '1.4.1' ],
70 silly audit   '@istanbuljs/load-nyc-config': [ '1.1.0' ],
70 silly audit   camelcase: [ '5.3.1', '6.3.0' ],
70 silly audit   '@istanbuljs/schema': [ '0.1.6' ],
70 silly audit   '@jest/create-cache-key-function': [ '29.7.0' ],
70 silly audit   '@jest/environment': [ '29.7.0' ],
70 silly audit   '@jest/fake-timers': [ '29.7.0' ],
70 silly audit   '@jest/schemas': [ '29.6.3' ],
70 silly audit   '@jest/transform': [ '29.7.0' ],
70 silly audit   '@jest/types': [ '29.6.3' ],
70 silly audit   '@jridgewell/gen-mapping': [ '0.3.13' ],
70 silly audit   '@jridgewell/remapping': [ '2.3.5' ],
70 silly audit   '@jridgewell/resolve-uri': [ '3.1.2' ],
70 silly audit   '@jridgewell/source-map': [ '0.3.11' ],
70 silly audit   '@jridgewell/sourcemap-codec': [ '1.5.5' ],
70 silly audit   '@jridgewell/trace-mapping': [ '0.3.31' ],
70 silly audit   '@radix-ui/primitive': [ '1.1.3' ],
70 silly audit   '@radix-ui/react-compose-refs': [ '1.1.2' ],
70 silly audit   '@radix-ui/react-context': [ '1.1.2' ],
70 silly audit   '@radix-ui/react-direction': [ '1.1.1' ],
70 silly audit   '@radix-ui/react-focus-guards': [ '1.1.3' ],
70 silly audit   '@radix-ui/react-id': [ '1.1.1' ],
70 silly audit   '@radix-ui/react-use-callback-ref': [ '1.1.1' ],
70 silly audit   '@radix-ui/react-use-controllable-state': [ '1.2.2' ],
70 silly audit   '@radix-ui/react-use-effect-event': [ '0.0.2' ],
70 silly audit   '@radix-ui/react-use-escape-keydown': [ '1.1.1' ],
70 silly audit   '@radix-ui/react-use-layout-effect': [ '1.1.1' ],
70 silly audit   '@react-native/assets-registry': [ '0.81.5' ],
70 silly audit   '@react-native/babel-plugin-codegen': [ '0.81.5', '0.85.2', '0.83.6' ],
70 silly audit   '@react-native/babel-preset': [ '0.81.5', '0.85.2', '0.83.6' ],
70 silly audit   '@react-native/codegen': [ '0.81.5', '0.85.2', '0.83.6' ],
70 silly audit   'brace-expansion': [ '1.1.14', '2.1.0', '5.0.5' ],
70 silly audit   glob: [ '7.2.3', '13.0.6' ],
70 silly audit   'hermes-estree': [ '0.29.1', '0.33.3', '0.35.0', '0.32.0', '0.32.1' ],
70 silly audit   'hermes-parser': [ '0.29.1', '0.33.3', '0.35.0', '0.32.0', '0.32.1' ],
70 silly audit   minimatch: [ '3.1.5', '10.2.5', '9.0.9' ],
70 silly audit   '@react-native/community-cli-plugin': [ '0.81.5' ],
70 silly audit   '@react-native/debugger-frontend': [ '0.81.5' ],
70 silly audit   '@react-native/dev-middleware': [ '0.81.5' ],
70 silly audit   ws: [ '6.2.3', '8.20.0', '7.5.10' ],
70 silly audit   '@react-native/gradle-plugin': [ '0.81.5' ],
70 silly audit   '@react-native/js-polyfills': [ '0.81.5', '0.85.2' ],
70 silly audit   '@react-native/metro-babel-transformer': [ '0.85.2' ],
70 silly audit   'babel-plugin-syntax-hermes-parser': [ '0.33.3', '0.29.1', '0.32.0', '0.32.1' ],
70 silly audit   '@react-native/metro-config': [ '0.85.2' ],
70 silly audit   accepts: [ '2.0.0', '1.3.8' ],
70 silly audit   metro: [ '0.84.3', '0.83.3' ],
70 silly audit   'metro-babel-transformer': [ '0.84.3', '0.83.3' ],
70 silly audit   'metro-cache': [ '0.84.3', '0.83.3' ],
70 silly audit   'metro-cache-key': [ '0.84.3', '0.83.3' ],
70 silly audit   'metro-config': [ '0.84.3', '0.83.3' ],
70 silly audit   'metro-core': [ '0.84.3', '0.83.3' ],
70 silly audit   'metro-file-map': [ '0.84.3', '0.83.3' ],
70 silly audit   'metro-minify-terser': [ '0.84.3', '0.83.3' ],
70 silly audit   'metro-resolver': [ '0.84.3', '0.83.3' ],
70 silly audit   'metro-runtime': [ '0.84.3', '0.83.3' ],
70 silly audit   'metro-source-map': [ '0.84.3', '0.83.3' ],
70 silly audit   'metro-symbolicate': [ '0.84.3', '0.83.3' ],
70 silly audit   'metro-transform-plugins': [ '0.84.3', '0.83.3' ],
70 silly audit   'metro-transform-worker': [ '0.84.3', '0.83.3' ],
70 silly audit   'mime-db': [ '1.54.0', '1.52.0' ],
70 silly audit   'mime-types': [ '3.0.2', '2.1.35' ],
70 silly audit   negotiator: [ '1.0.0', '0.6.4', '0.6.3' ],
70 silly audit   ob1: [ '0.84.3', '0.83.3' ],
70 silly audit   '@react-native/normalize-colors': [ '0.81.5' ],
70 silly audit   '@react-native/virtualized-lists': [ '0.72.8', '0.81.5' ],
70 silly audit   '@react-navigation/bottom-tabs': [ '7.15.9' ],
70 silly audit   '@react-navigation/core': [ '7.17.2' ],
70 silly audit   'escape-string-regexp': [ '4.0.0', '1.0.5', '2.0.0' ],
70 silly audit   '@react-navigation/elements': [ '2.9.14' ],
70 silly audit   '@react-navigation/native': [ '7.2.2' ],
70 silly audit   '@react-navigation/native-stack': [ '7.14.11' ],
70 silly audit   '@react-navigation/routers': [ '7.5.3' ],
70 silly audit   '@react-navigation/stack': [ '7.8.10' ],
70 silly audit   '@sinclair/typebox': [ '0.27.10' ],
70 silly audit   '@sinonjs/commons': [ '3.0.1' ],
70 silly audit   '@sinonjs/fake-timers': [ '10.3.0' ],
70 silly audit   '@types/babel__core': [ '7.20.5' ],
70 silly audit   '@types/babel__generator': [ '7.27.0' ],
70 silly audit   '@types/babel__template': [ '7.4.4' ],
70 silly audit   '@types/babel__traverse': [ '7.28.0' ],
70 silly audit   '@types/graceful-fs': [ '4.1.9' ],
70 silly audit   '@types/hammerjs': [ '2.0.46' ],
70 silly audit   '@types/istanbul-lib-coverage': [ '2.0.6' ],
70 silly audit   '@types/istanbul-lib-report': [ '3.0.3' ],
70 silly audit   '@types/istanbul-reports': [ '3.0.4' ],
70 silly audit   '@types/node': [ '25.6.0' ],
70 silly audit   '@types/react': [ '19.1.17' ],
70 silly audit   '@types/react-native': [ '0.72.8' ],
70 silly audit   '@types/react-test-renderer': [ '19.1.0' ],
70 silly audit   '@types/stack-utils': [ '2.0.3' ],
70 silly audit   '@types/yargs': [ '17.0.35' ],
70 silly audit   '@types/yargs-parser': [ '21.0.3' ],
70 silly audit   '@ungap/structured-clone': [ '1.3.0' ],
70 silly audit   '@urql/core': [ '5.2.0' ],
70 silly audit   '@urql/exchange-retry': [ '1.3.2' ],
70 silly audit   '@xmldom/xmldom': [ '0.8.13' ],
70 silly audit   'abort-controller': [ '3.0.0' ],
70 silly audit   acorn: [ '8.16.0' ],
70 silly audit   'agent-base': [ '7.1.4' ],
70 silly audit   anser: [ '1.4.10' ],
70 silly audit   'ansi-escapes': [ '4.3.2' ],
70 silly audit   'type-fest': [ '0.21.3', '0.7.1' ],
70 silly audit   'ansi-regex': [ '5.0.1', '4.1.1' ],
70 silly audit   'any-promise': [ '1.3.0' ],
70 silly audit   anymatch: [ '3.1.3' ],
70 silly audit   appwrite: [ '24.2.0' ],
70 silly audit   arg: [ '5.0.2' ],
70 silly audit   'aria-hidden': [ '1.2.6' ],
70 silly audit   asap: [ '2.0.6' ],
70 silly audit   'async-limiter': [ '1.0.1' ],
70 silly audit   asynckit: [ '0.4.0' ],
70 silly audit   axios: [ '1.15.2' ],
70 silly audit   'babel-jest': [ '29.7.0' ],
70 silly audit   'babel-plugin-istanbul': [ '6.1.1' ],
70 silly audit   'babel-plugin-jest-hoist': [ '29.6.3' ],
70 silly audit   'babel-plugin-polyfill-corejs2': [ '0.4.17' ],
70 silly audit   'babel-plugin-polyfill-corejs3': [ '0.13.0' ],
70 silly audit   'babel-plugin-polyfill-regenerator': [ '0.6.8' ],
70 silly audit   'babel-plugin-react-compiler': [ '1.0.0' ],
70 silly audit   'babel-plugin-react-native-web': [ '0.21.2' ],
70 silly audit   'babel-plugin-transform-flow-enums': [ '0.0.2' ],
70 silly audit   'babel-preset-current-node-syntax': [ '1.2.0' ],
70 silly audit   'babel-preset-expo': [ '54.0.10', '55.0.18' ],
70 silly audit   'babel-preset-jest': [ '29.6.3' ],
70 silly audit   'balanced-match': [ '1.0.2', '4.0.4' ],
70 silly audit   'base64-js': [ '1.5.1' ],
70 silly audit   'baseline-browser-mapping': [ '2.10.21' ],
70 silly audit   'better-opn': [ '3.0.2' ],
70 silly audit   open: [ '8.4.2', '7.4.2' ],
70 silly audit   'big-integer': [ '1.6.52' ],
70 silly audit   'bignumber.js': [ '9.3.1' ],
70 silly audit   boolbase: [ '1.0.0' ],
70 silly audit   'bplist-creator': [ '0.1.0' ],
70 silly audit   'bplist-parser': [ '0.3.1' ],
70 silly audit   braces: [ '3.0.3' ],
70 silly audit   browserslist: [ '4.28.2' ],
70 silly audit   bser: [ '2.1.1' ],
70 silly audit   buffer: [ '5.7.1' ],
70 silly audit   'buffer-from': [ '1.1.2' ],
70 silly audit   bytes: [ '3.1.2' ],
70 silly audit   'call-bind-apply-helpers': [ '1.0.2' ],
70 silly audit   'caniuse-lite': [ '1.0.30001790' ],
70 silly audit   chownr: [ '3.0.0' ],
70 silly audit   'chrome-launcher': [ '0.15.2' ],
70 silly audit   'chromium-edge-launcher': [ '0.2.0' ],
70 silly audit   'ci-info': [ '2.0.0', '3.9.0' ],
70 silly audit   'cli-cursor': [ '2.1.0' ],
70 silly audit   'cli-spinners': [ '2.9.2' ],
70 silly audit   'client-only': [ '0.0.1' ],
70 silly audit   cliui: [ '8.0.1' ],
70 silly audit   clone: [ '1.0.4' ],
70 silly audit   color: [ '4.2.3' ],
70 silly audit   'color-string': [ '1.9.1' ],
70 silly audit   'combined-stream': [ '1.0.8' ],
70 silly audit   commander: [ '7.2.0', '12.1.0', '4.1.1', '2.20.3' ],
70 silly audit   compressible: [ '2.0.18' ],
70 silly audit   compression: [ '1.8.1' ],
70 silly audit   ms: [ '2.0.0', '2.1.3' ],
70 silly audit   'concat-map': [ '0.0.1' ],
70 silly audit   connect: [ '3.7.0' ],
70 silly audit   'convert-source-map': [ '2.0.0' ],
70 silly audit   'core-js-compat': [ '3.49.0' ],
70 silly audit   'cross-spawn': [ '7.0.6' ],
70 silly audit   'css-select': [ '5.2.2' ],
70 silly audit   'css-tree': [ '1.1.3' ],
70 silly audit   'source-map': [ '0.6.1', '0.5.7' ],
70 silly audit   'css-what': [ '6.2.2' ],
70 silly audit   csstype: [ '3.2.3' ],
70 silly audit   'decode-uri-component': [ '0.2.2' ],
70 silly audit   'deep-extend': [ '0.6.0' ],
70 silly audit   deepmerge: [ '4.3.1' ],
70 silly audit   defaults: [ '1.0.4' ],
70 silly audit   'define-lazy-prop': [ '2.0.0' ],
70 silly audit   'delayed-stream': [ '1.0.0' ],
70 silly audit   depd: [ '2.0.0' ],
70 silly audit   destroy: [ '1.2.0' ],
70 silly audit   'detect-libc': [ '2.1.2' ],
70 silly audit   'detect-node-es': [ '1.1.0' ],
70 silly audit   'dom-serializer': [ '2.0.0' ],
70 silly audit   domelementtype: [ '2.3.0' ],
70 silly audit   domhandler: [ '5.0.3' ],
70 silly audit   domutils: [ '3.2.2' ],
70 silly audit   dotenv: [ '16.4.7' ],
70 silly audit   'dotenv-expand': [ '11.0.7' ],
70 silly audit   'dunder-proto': [ '1.0.1' ],
70 silly audit   'ee-first': [ '1.1.1' ],
70 silly audit   'electron-to-chromium': [ '1.5.344' ],
70 silly audit   'emoji-regex': [ '8.0.0' ],
70 silly audit   encodeurl: [ '1.0.2', '2.0.0' ],
70 silly audit   entities: [ '4.5.0' ],
70 silly audit   'env-editor': [ '0.4.2' ],
70 silly audit   'error-stack-parser': [ '2.1.4' ],
70 silly audit   'es-define-property': [ '1.0.1' ],
70 silly audit   'es-errors': [ '1.3.0' ],
70 silly audit   'es-object-atoms': [ '1.1.1' ],
70 silly audit   'es-set-tostringtag': [ '2.1.0' ],
70 silly audit   escalade: [ '3.2.0' ],
70 silly audit   'escape-html': [ '1.0.3' ],
70 silly audit   esprima: [ '4.0.1' ],
70 silly audit   etag: [ '1.8.1' ],
70 silly audit   'event-target-shim': [ '5.0.1' ],
70 silly audit   expo: [ '54.0.33' ],
70 silly audit   'expo-constants': [ '55.0.15', '18.0.13' ],
70 silly audit   'expo-font': [ '55.0.6', '14.0.11' ],
70 silly audit   'expo-glass-effect': [ '55.0.10' ],
70 silly audit   'expo-image': [ '55.0.9' ],
70 silly audit   'expo-linear-gradient': [ '55.0.13' ],
70 silly audit   'expo-linking': [ '55.0.14' ],
70 silly audit   'expo-modules-autolinking': [ '3.0.24' ],
70 silly audit   'expo-modules-core': [ '3.0.29' ],
70 silly audit   'expo-router': [ '55.0.13' ],
70 silly audit   '@expo/metro-runtime': [ '55.0.10' ],
70 silly audit   '@radix-ui/react-collection': [ '1.1.7' ],
70 silly audit   '@radix-ui/react-presence': [ '1.1.5' ],
70 silly audit   '@radix-ui/react-primitive': [ '2.1.3' ],
70 silly audit   '@radix-ui/react-roving-focus': [ '1.1.11' ],
70 silly audit   '@radix-ui/react-slot': [ '1.2.3' ],
70 silly audit   '@radix-ui/react-tabs': [ '1.1.13' ],
70 silly audit   'expo-server': [ '55.0.8', '1.0.5' ],
70 silly audit   'expo-status-bar': [ '3.0.9' ],
70 silly audit   'expo-symbols': [ '55.0.7' ],
70 silly audit   '@expo/cli': [ '54.0.23' ],
70 silly audit   '@expo/metro-config': [ '54.0.14' ],
70 silly audit   '@expo/vector-icons': [ '15.1.1' ],
70 silly audit   'expo-asset': [ '12.0.12' ],
70 silly audit   'expo-file-system': [ '19.0.21' ],
70 silly audit   'expo-keep-awake': [ '15.0.8' ],
70 silly audit   picomatch: [ '3.0.2', '2.3.2', '4.0.4' ],
70 silly audit   'exponential-backoff': [ '3.1.3' ],
70 silly audit   'fast-deep-equal': [ '3.1.3' ],
70 silly audit   'fast-json-stable-stringify': [ '2.1.0' ],
70 silly audit   'fb-watchman': [ '2.0.2' ],
70 silly audit   'fill-range': [ '7.1.1' ],
70 silly audit   'filter-obj': [ '1.1.0' ],
70 silly audit   finalhandler: [ '1.1.2' ],
70 silly audit   'find-up': [ '4.1.0' ],
70 silly audit   'flow-enums-runtime': [ '0.0.6' ],
70 silly audit   'follow-redirects': [ '1.16.0' ],
70 silly audit   fontfaceobserver: [ '2.3.0' ],
70 silly audit   'form-data': [ '4.0.5' ],
70 silly audit   'freeport-async': [ '2.0.0' ],
70 silly audit   fresh: [ '0.5.2' ],
70 silly audit   'fs.realpath': [ '1.0.0' ],
70 silly audit   fsevents: [ '2.3.3' ],
70 silly audit   'function-bind': [ '1.1.2' ],
70 silly audit   gensync: [ '1.0.0-beta.2' ],
70 silly audit   'get-caller-file': [ '2.0.5' ],
70 silly audit   'get-intrinsic': [ '1.3.0' ],
70 silly audit   'get-nonce': [ '1.0.1' ],
70 silly audit   'get-package-type': [ '0.1.0' ],
70 silly audit   'get-proto': [ '1.0.1' ],
70 silly audit   getenv: [ '2.0.0' ],
70 silly audit   gopd: [ '1.2.0' ],
70 silly audit   'graceful-fs': [ '4.2.11' ],
70 silly audit   'has-symbols': [ '1.1.0' ],
70 silly audit   'has-tostringtag': [ '1.0.2' ],
70 silly audit   hasown: [ '2.0.3' ],
70 silly audit   'hoist-non-react-statics': [ '3.3.2' ],
70 silly audit   'react-is': [ '16.13.1', '18.3.1', '19.2.5' ],
70 silly audit   'hosted-git-info': [ '7.0.2' ],
70 silly audit   'lru-cache': [ '10.4.3', '5.1.1', '11.3.5' ],
70 silly audit   'http-errors': [ '2.0.1' ],
70 silly audit   statuses: [ '2.0.2', '1.5.0' ],
70 silly audit   'https-proxy-agent': [ '7.0.6' ],
70 silly audit   ieee754: [ '1.2.1' ],
70 silly audit   ignore: [ '5.3.2' ],
70 silly audit   'image-size': [ '1.2.1' ],
70 silly audit   imurmurhash: [ '0.1.4' ],
70 silly audit   inflight: [ '1.0.6' ],
70 silly audit   inherits: [ '2.0.4' ],
70 silly audit   ini: [ '1.3.8' ],
70 silly audit   invariant: [ '2.2.4' ],
70 silly audit   'is-arrayish': [ '0.3.4' ],
70 silly audit   'is-core-module': [ '2.16.1' ],
70 silly audit   'is-docker': [ '2.2.1' ],
70 silly audit   'is-fullwidth-code-point': [ '3.0.0' ],
70 silly audit   'is-number': [ '7.0.0' ],
70 silly audit   'is-wsl': [ '2.2.0' ],
70 silly audit   isexe: [ '2.0.0' ],
70 silly audit   'istanbul-lib-coverage': [ '3.2.2' ],
70 silly audit   'istanbul-lib-instrument': [ '5.2.1' ],
70 silly audit   'jest-environment-node': [ '29.7.0' ],
70 silly audit   'jest-get-type': [ '29.6.3' ],
70 silly audit   'jest-haste-map': [ '29.7.0' ],
70 silly audit   'jest-message-util': [ '29.7.0' ],
70 silly audit   'jest-mock': [ '29.7.0' ],
70 silly audit   'jest-regex-util': [ '29.6.3' ],
70 silly audit   'jest-util': [ '29.7.0' ],
70 silly audit   'jest-validate': [ '29.7.0' ],
70 silly audit   'jest-worker': [ '29.7.0' ],
70 silly audit   'jimp-compact': [ '0.16.1' ],
70 silly audit   'js-tokens': [ '4.0.0' ],
70 silly audit   'jsc-safe-url': [ '0.2.4' ],
70 silly audit   jsesc: [ '3.1.0' ],
70 silly audit   'json-bigint': [ '1.0.0' ],
70 silly audit   json5: [ '2.2.3' ],
70 silly audit   kleur: [ '3.0.3' ],
70 silly audit   'lan-network': [ '0.1.7' ],
70 silly audit   leven: [ '3.1.0' ],
70 silly audit   'lighthouse-logger': [ '1.4.2' ],
70 silly audit   lightningcss: [ '1.32.0' ],
70 silly audit   'lightningcss-android-arm64': [ '1.32.0' ],
70 silly audit   'lightningcss-darwin-arm64': [ '1.32.0' ],
70 silly audit   'lightningcss-darwin-x64': [ '1.32.0' ],
70 silly audit   'lightningcss-freebsd-x64': [ '1.32.0' ],
70 silly audit   'lightningcss-linux-arm-gnueabihf': [ '1.32.0' ],
70 silly audit   'lightningcss-linux-arm64-gnu': [ '1.32.0' ],
70 silly audit   'lightningcss-linux-arm64-musl': [ '1.32.0' ],
70 silly audit   'lightningcss-linux-x64-gnu': [ '1.32.0' ],
70 silly audit   'lightningcss-linux-x64-musl': [ '1.32.0' ],
70 silly audit   'lightningcss-win32-arm64-msvc': [ '1.32.0' ],
70 silly audit   'lightningcss-win32-x64-msvc': [ '1.32.0' ],
70 silly audit   'lines-and-columns': [ '1.2.4' ],
70 silly audit   'locate-path': [ '5.0.0' ],
70 silly audit   'lodash.debounce': [ '4.0.8' ],
70 silly audit   'lodash.throttle': [ '4.1.1' ],
70 silly audit   'log-symbols': [ '2.2.0' ],
70 silly audit   'loose-envify': [ '1.4.0' ],
70 silly audit   'lucide-react-native': [ '1.8.0' ],
70 silly audit   makeerror: [ '1.0.12' ],
70 silly audit   marky: [ '1.3.0' ],
70 silly audit   'math-intrinsics': [ '1.1.0' ],
70 silly audit   'mdn-data': [ '2.0.14' ],
70 silly audit   'memoize-one': [ '5.2.1' ],
70 silly audit   'merge-stream': [ '2.0.0' ],
70 silly audit   micromatch: [ '4.0.8' ],
70 silly audit   mime: [ '1.6.0' ],
70 silly audit   'mimic-fn': [ '1.2.0' ],
70 silly audit   minimist: [ '1.2.8' ],
70 silly audit   minipass: [ '7.1.3' ],
70 silly audit   minizlib: [ '3.1.0' ],
70 silly audit   mkdirp: [ '1.0.4' ],
70 silly audit   mz: [ '2.7.0' ],
70 silly audit   nanoid: [ '3.3.11' ],
70 silly audit   'nested-error-stacks': [ '2.0.1' ],
70 silly audit   'node-forge': [ '1.4.0' ],
70 silly audit   'node-int64': [ '0.4.0' ],
70 silly audit   'node-releases': [ '2.0.38' ],
70 silly audit   'normalize-path': [ '3.0.0' ],
70 silly audit   'npm-package-arg': [ '11.0.3' ],
70 silly audit   'nth-check': [ '2.1.1' ],
70 silly audit   nullthrows: [ '1.1.1' ],
70 silly audit   'object-assign': [ '4.1.1' ],
70 silly audit   'on-finished': [ '2.3.0', '2.4.1' ],
70 silly audit   'on-headers': [ '1.1.0' ],
70 silly audit   once: [ '1.4.0' ],
70 silly audit   onetime: [ '2.0.1' ],
70 silly audit   ora: [ '3.4.0' ],
70 silly audit   'strip-ansi': [ '5.2.0', '6.0.1' ],
70 silly audit   'p-limit': [ '3.1.0', '2.3.0' ],
70 silly audit   'p-locate': [ '4.1.0' ],
70 silly audit   'p-try': [ '2.2.0' ],
70 silly audit   'parse-png': [ '2.1.0' ],
70 silly audit   parseurl: [ '1.3.3' ],
70 silly audit   'path-exists': [ '4.0.0' ],
70 silly audit   'path-is-absolute': [ '1.0.1' ],
70 silly audit   'path-key': [ '3.1.1' ],
70 silly audit   'path-parse': [ '1.0.7' ],
70 silly audit   'path-scurry': [ '2.0.2' ],
70 silly audit   picocolors: [ '1.1.1' ],
70 silly audit   pirates: [ '4.0.7' ],
70 silly audit   plist: [ '3.1.0' ],
70 silly audit   pngjs: [ '3.4.0' ],
70 silly audit   postcss: [ '8.4.49' ],
70 silly audit   'pretty-bytes': [ '5.6.0' ],
70 silly audit   'pretty-format': [ '29.7.0' ],
70 silly audit   'proc-log': [ '4.2.0' ],
70 silly audit   progress: [ '2.0.3' ],
70 silly audit   promise: [ '8.3.0' ],
70 silly audit   prompts: [ '2.4.2' ],
70 silly audit   'proxy-from-env': [ '2.1.0' ],
70 silly audit   punycode: [ '2.3.1' ],
70 silly audit   'qrcode-terminal': [ '0.11.0' ],
70 silly audit   'query-string': [ '7.1.3' ],
70 silly audit   queue: [ '6.0.2' ],
70 silly audit   'range-parser': [ '1.2.1' ],
70 silly audit   rc: [ '1.2.8' ],
70 silly audit   react: [ '19.1.0' ],
70 silly audit   'react-devtools-core': [ '6.1.5' ],
70 silly audit   'react-dom': [ '19.2.5' ],
70 silly audit   'react-fast-compare': [ '3.2.2' ],
70 silly audit   'react-freeze': [ '1.0.4' ],
70 silly audit   'react-native': [ '0.81.5' ],
70 silly audit   'react-native-gesture-handler': [ '2.31.1' ],
70 silly audit   'react-native-is-edge-to-edge': [ '1.3.1' ],
70 silly audit   'react-native-reanimated': [ '4.3.0' ],
70 silly audit   'react-native-safe-area-context': [ '5.7.0' ],
70 silly audit   'react-native-screens': [ '4.24.0' ],
70 silly audit   'react-native-svg': [ '15.15.4' ],
70 silly audit   'react-native-webview': [ '13.16.1' ],
70 silly audit   'react-native-worklets': [ '0.8.1' ],
70 silly audit   scheduler: [ '0.26.0', '0.27.0' ],
70 silly audit   'react-refresh': [ '0.14.2' ],
70 silly audit   'react-remove-scroll': [ '2.7.2' ],
70 silly audit   'react-remove-scroll-bar': [ '2.3.8' ],
70 silly audit   'react-style-singleton': [ '2.2.3' ],
70 silly audit   regenerate: [ '1.4.2' ],
70 silly audit   'regenerate-unicode-properties': [ '10.2.2' ],
70 silly audit   'regenerator-runtime': [ '0.13.11' ],
70 silly audit   'regexpu-core': [ '6.4.0' ],
70 silly audit   regjsgen: [ '0.8.0' ],
70 silly audit   regjsparser: [ '0.13.1' ],
70 silly audit   'require-directory': [ '2.1.1' ],
70 silly audit   'require-from-string': [ '2.0.2' ],
70 silly audit   requireg: [ '0.2.2' ],
70 silly audit   resolve: [ '1.7.1', '1.22.12' ],
70 silly audit   'resolve-from': [ '5.0.0' ],
70 silly audit   'resolve-workspace-root': [ '2.0.1' ],
70 silly audit   'resolve.exports': [ '2.0.3' ],
70 silly audit   'restore-cursor': [ '2.0.0' ],
70 silly audit   rimraf: [ '3.0.2' ],
70 silly audit   'safe-buffer': [ '5.2.1' ],
70 silly audit   sax: [ '1.6.0' ],
70 silly audit   send: [ '0.19.2' ],
70 silly audit   'serialize-error': [ '2.1.0' ],
70 silly audit   'serve-static': [ '1.16.3' ],
70 silly audit   'server-only': [ '0.0.1' ],
70 silly audit   setprototypeof: [ '1.2.0' ],
70 silly audit   'sf-symbols-typescript': [ '2.2.0' ],
70 silly audit   shallowequal: [ '1.1.0' ],
70 silly audit   'shebang-command': [ '2.0.0' ],
70 silly audit   'shebang-regex': [ '3.0.0' ],
70 silly audit   'shell-quote': [ '1.8.3' ],
70 silly audit   'signal-exit': [ '3.0.7' ],
70 silly audit   'simple-plist': [ '1.3.1' ],
70 silly audit   'simple-swizzle': [ '0.2.4' ],
70 silly audit   sisteransi: [ '1.0.5' ],
70 silly audit   slash: [ '3.0.0' ],
70 silly audit   slugify: [ '1.6.9' ],
70 silly audit   'source-map-js': [ '1.2.1' ],
70 silly audit   'source-map-support': [ '0.5.21' ],
70 silly audit   'split-on-first': [ '1.1.0' ],
70 silly audit   'sprintf-js': [ '1.0.3' ],
70 silly audit   'stack-utils': [ '2.0.6' ],
70 silly audit   stackframe: [ '1.3.4' ],
70 silly audit   'stacktrace-parser': [ '0.1.11' ],
70 silly audit   'stream-buffers': [ '2.2.0' ],
70 silly audit   'strict-uri-encode': [ '2.0.0' ],
70 silly audit   'string-width': [ '4.2.3' ],
70 silly audit   'strip-json-comments': [ '2.0.1' ],
70 silly audit   'structured-headers': [ '0.4.1' ],
70 silly audit   sucrase: [ '3.35.1' ],
70 silly audit   'supports-hyperlinks': [ '2.3.0' ],
70 silly audit   'supports-preserve-symlinks-flag': [ '1.0.0' ],
70 silly audit   tar: [ '7.5.13' ],
70 silly audit   yallist: [ '5.0.0', '3.1.1' ],
70 silly audit   'terminal-link': [ '2.1.1' ],
70 silly audit   terser: [ '5.46.2' ],
70 silly audit   'test-exclude': [ '6.0.0' ],
70 silly audit   thenify: [ '3.3.1' ],
70 silly audit   'thenify-all': [ '1.6.0' ],
70 silly audit   throat: [ '5.0.0' ],
70 silly audit   tinyglobby: [ '0.2.16' ],
70 silly audit   fdir: [ '6.5.0' ],
70 silly audit   tmpl: [ '1.0.5' ],
70 silly audit   'to-regex-range': [ '5.0.1' ],
70 silly audit   toidentifier: [ '1.0.1' ],
70 silly audit   'ts-interface-checker': [ '0.1.13' ],
70 silly audit   tslib: [ '2.8.1' ],
70 silly audit   'type-detect': [ '4.0.8' ],
70 silly audit   typescript: [ '5.9.3' ],
70 silly audit   undici: [ '6.25.0' ],
70 silly audit   'undici-types': [ '7.19.2' ],
70 silly audit   'unicode-canonical-property-names-ecmascript': [ '2.0.1' ],
70 silly audit   'unicode-match-property-ecmascript': [ '2.0.0' ],
70 silly audit   'unicode-match-property-value-ecmascript': [ '2.2.1' ],
70 silly audit   'unicode-property-aliases-ecmascript': [ '2.2.0' ],
70 silly audit   unpipe: [ '1.0.0' ],
70 silly audit   'update-browserslist-db': [ '1.2.3' ],
70 silly audit   'use-callback-ref': [ '1.3.3' ],
70 silly audit   'use-latest-callback': [ '0.2.6' ],
70 silly audit   'use-sidecar': [ '1.1.3' ],
70 silly audit   'use-sync-external-store': [ '1.6.0' ],
70 silly audit   'utils-merge': [ '1.0.1' ],
70 silly audit   uuid: [ '7.0.3' ],
70 silly audit   'validate-npm-package-name': [ '5.0.1' ],
70 silly audit   vary: [ '1.1.2' ],
70 silly audit   vaul: [ '1.1.2' ],
70 silly audit   '@radix-ui/react-dialog': [ '1.1.15' ],
70 silly audit   '@radix-ui/react-dismissable-layer': [ '1.1.11' ],
70 silly audit   '@radix-ui/react-focus-scope': [ '1.1.7' ],
70 silly audit   '@radix-ui/react-portal': [ '1.1.9' ],
70 silly audit   vlq: [ '1.0.1' ],
70 silly audit   walker: [ '1.0.8' ],
70 silly audit   'warn-once': [ '0.1.1' ],
70 silly audit   wcwidth: [ '1.0.1' ],
70 silly audit   'webidl-conversions': [ '5.0.0' ],
70 silly audit   'whatwg-fetch': [ '3.6.20' ],
70 silly audit   'whatwg-url-without-unicode': [ '8.0.0-3' ],
70 silly audit   which: [ '2.0.2' ],
70 silly audit   wonka: [ '6.3.6' ],
70 silly audit   'wrap-ansi': [ '7.0.0' ],
70 silly audit   wrappy: [ '1.0.2' ],
70 silly audit   'write-file-atomic': [ '4.0.2' ],
70 silly audit   xcode: [ '3.0.1' ],
70 silly audit   xml2js: [ '0.6.0' ],
70 silly audit   xmlbuilder: [ '11.0.1', '15.1.1' ],
70 silly audit   y18n: [ '5.0.8' ],
70 silly audit   yaml: [ '2.8.3' ],
70 silly audit   yargs: [ '17.7.2' ],
70 silly audit   'yargs-parser': [ '21.1.1' ],
70 silly audit   'yocto-queue': [ '0.1.0' ]
70 silly audit }
71 http fetch POST 200 https://registry.npmjs.org/-/npm/v1/security/advisories/bulk 943ms
72 silly audit report {
72 silly audit report   uuid: [
72 silly audit report     {
72 silly audit report       id: 1116970,
72 silly audit report       url: 'https://github.com/advisories/GHSA-w5hq-g745-h8pq',
72 silly audit report       title: 'uuid: Missing buffer bounds check in v3/v5/v6 when buf is provided',
72 silly audit report       severity: 'moderate',
72 silly audit report       vulnerable_versions: '<14.0.0',
72 silly audit report       cwe: [Array],
72 silly audit report       cvss: [Object]
72 silly audit report     }
72 silly audit report   ]
72 silly audit report }
73 silly packumentCache corgi:https://registry.npmjs.org/uuid cache-miss
74 http cache https://registry.npmjs.org/uuid 4ms (cache hit)
75 silly packumentCache corgi:https://registry.npmjs.org/uuid set size:72733 disposed:false
76 silly packumentCache corgi:https://registry.npmjs.org/xcode cache-miss
77 http cache https://registry.npmjs.org/xcode 7ms (cache hit)
78 silly packumentCache corgi:https://registry.npmjs.org/xcode set size:1850340 disposed:false
79 silly packumentCache corgi:https://registry.npmjs.org/@expo%2fconfig-plugins cache-miss
80 http cache https://registry.npmjs.org/@expo%2fconfig-plugins 4ms (cache hit)
81 silly packumentCache corgi:https://registry.npmjs.org/@expo%2fconfig-plugins set size:388145 disposed:false
82 silly packumentCache corgi:https://registry.npmjs.org/@expo%2fconfig cache-miss
83 silly packumentCache corgi:https://registry.npmjs.org/@expo%2fprebuild-config cache-miss
84 silly packumentCache corgi:https://registry.npmjs.org/expo cache-miss
85 silly packumentCache corgi:https://registry.npmjs.org/@expo%2fcli cache-miss
86 http cache https://registry.npmjs.org/expo 13ms (cache hit)
87 silly packumentCache corgi:https://registry.npmjs.org/expo set size:1671265 disposed:false
88 http cache https://registry.npmjs.org/@expo%2fprebuild-config 31ms (cache hit)
89 silly packumentCache corgi:https://registry.npmjs.org/@expo%2fprebuild-config set size:350227 disposed:false
90 http cache https://registry.npmjs.org/@expo%2fconfig 35ms (cache hit)
91 silly packumentCache corgi:https://registry.npmjs.org/@expo%2fconfig set size:518312 disposed:false
92 http cache https://registry.npmjs.org/@expo%2fcli 41ms (cache hit)
93 silly packumentCache corgi:https://registry.npmjs.org/@expo%2fcli set size:1490664 disposed:false
94 silly packumentCache corgi:https://registry.npmjs.org/@expo%2fdom-webview cache-miss
95 silly packumentCache corgi:https://registry.npmjs.org/@expo%2flog-box cache-miss
96 silly packumentCache corgi:https://registry.npmjs.org/expo-constants cache-miss
97 silly packumentCache corgi:https://registry.npmjs.org/expo-font cache-miss
98 silly packumentCache corgi:https://registry.npmjs.org/expo-glass-effect cache-miss
99 silly packumentCache corgi:https://registry.npmjs.org/expo-image cache-miss
100 silly packumentCache corgi:https://registry.npmjs.org/expo-linear-gradient cache-miss
101 silly packumentCache corgi:https://registry.npmjs.org/expo-router cache-miss
102 silly packumentCache corgi:https://registry.npmjs.org/@expo%2fmetro-runtime cache-miss
103 silly packumentCache corgi:https://registry.npmjs.org/expo-symbols cache-miss
104 silly packumentCache corgi:https://registry.npmjs.org/@expo%2fmetro-config cache-miss
105 silly packumentCache corgi:https://registry.npmjs.org/babel-preset-expo cache-miss
106 silly packumentCache corgi:https://registry.npmjs.org/expo-asset cache-miss
107 silly packumentCache corgi:https://registry.npmjs.org/expo-file-system cache-miss
108 silly packumentCache corgi:https://registry.npmjs.org/expo-keep-awake cache-miss
109 http cache https://registry.npmjs.org/@expo%2flog-box 61ms (cache hit)
110 silly packumentCache corgi:https://registry.npmjs.org/@expo%2flog-box set size:56400 disposed:false
111 http cache https://registry.npmjs.org/@expo%2fdom-webview 63ms (cache hit)
112 silly packumentCache corgi:https://registry.npmjs.org/@expo%2fdom-webview set size:82911 disposed:false
113 http cache https://registry.npmjs.org/expo-linear-gradient 63ms (cache hit)
114 silly packumentCache corgi:https://registry.npmjs.org/expo-linear-gradient set size:207744 disposed:false
115 http cache https://registry.npmjs.org/expo-router 67ms (cache hit)
116 silly packumentCache corgi:https://registry.npmjs.org/expo-router set size:815124 disposed:false
117 http cache https://registry.npmjs.org/expo-constants 76ms (cache hit)
118 silly packumentCache corgi:https://registry.npmjs.org/expo-constants set size:263022 disposed:false
119 http cache https://registry.npmjs.org/@expo%2fmetro-runtime 78ms (cache hit)
120 silly packumentCache corgi:https://registry.npmjs.org/@expo%2fmetro-runtime set size:165973 disposed:false
121 http cache https://registry.npmjs.org/expo-font 81ms (cache hit)
122 silly packumentCache corgi:https://registry.npmjs.org/expo-font set size:220971 disposed:false
123 http cache https://registry.npmjs.org/expo-glass-effect 84ms (cache hit)
124 silly packumentCache corgi:https://registry.npmjs.org/expo-glass-effect set size:61718 disposed:false
125 http cache https://registry.npmjs.org/expo-image 85ms (cache hit)
126 silly packumentCache corgi:https://registry.npmjs.org/expo-image set size:206571 disposed:false
127 http cache https://registry.npmjs.org/expo-asset 86ms (cache hit)
128 silly packumentCache corgi:https://registry.npmjs.org/expo-asset set size:276833 disposed:false
129 http cache https://registry.npmjs.org/babel-preset-expo 89ms (cache hit)
130 silly packumentCache corgi:https://registry.npmjs.org/babel-preset-expo set size:445867 disposed:false
131 http cache https://registry.npmjs.org/@expo%2fmetro-config 93ms (cache hit)
132 silly packumentCache corgi:https://registry.npmjs.org/@expo%2fmetro-config set size:530687 disposed:false
133 http cache https://registry.npmjs.org/expo-file-system 97ms (cache hit)
134 silly packumentCache corgi:https://registry.npmjs.org/expo-file-system set size:269288 disposed:false
135 http cache https://registry.npmjs.org/expo-keep-awake 105ms (cache hit)
136 silly packumentCache corgi:https://registry.npmjs.org/expo-keep-awake set size:174396 disposed:false
137 http cache https://registry.npmjs.org/expo-symbols 108ms (cache hit)
138 silly packumentCache corgi:https://registry.npmjs.org/expo-symbols set size:125078 disposed:false
139 verbose cwd /Users/haldwani/Documents/Working/party_dial/ClientMobile
140 verbose os Darwin 25.4.0
141 verbose node v25.2.1
142 verbose npm  v11.6.2
143 verbose exit 0
144 info ok
